2025-11-14T04:00:05.900Z post_write_code: src/components/comments/CommentErrorBoundary.tsx [src]
2025-11-14T04:39:07.662Z post_write_code: tests/unit/useIsMobile.test.tsx [tests]
2025-11-14T04:42:01.027Z post_write_code: tests/unit/useIsMobile.test.tsx [tests]
2025-11-14T05:03:22.860Z post_write_code: docs/ops/runbook-auth.md [docs]
2025-11-14T08:01:51.038Z post_write_code: src/lib/security-logger.ts [src]
2025-11-14T21:01:56.684Z post_write_code: tests/unit/logging/log-utils.sanitizeObject.test.ts [tests]
2025-11-14T21:03:15.424Z post_write_code: tests/unit/logging/security-logger.test.ts [tests]
2025-11-14T21:41:57.519Z post_write_code: tests/e2e/specs/auth-magic-request.spec.ts [tests]
2025-11-15T00:07:59.666Z post_write_code: tests/unit/services/auth-service-login.logging.test.ts [tests]
2025-11-15T00:08:09.759Z post_write_code: docs/ops/runbook-auth.md [docs]
2025-11-15T00:08:31.437Z post_write_code: docs/features/production-logging.md [docs]
2025-11-15T00:34:46.669Z post_write_code: docs/ops/runbook-auth.md [docs]
2025-11-15T02:21:58.001Z post_write_code: src/components/blog/BlogCTA.astro [astro]
2025-11-15T02:22:41.886Z post_write_code: src/components/blog/LeadMagnetCTA.astro [astro]
2025-11-15T02:23:05.432Z post_write_code: tests/integration/api/debug-login.test.ts [tests]
2025-11-15T02:23:22.836Z post_write_code: tests/unit/comment-components.test.tsx [tests]
2025-11-15T02:25:49.747Z post_write_code: src/pages/api/user/logout.ts [api]
2025-11-15T15:37:39.591Z post_write_code: src/pages/api/user/logout-v2.ts [api]
2025-11-15T15:41:37.574Z post_write_code: src/pages/api/billing/stripe-webhook.ts [api]
2025-11-15T16:08:47.894Z post_write_code: src/pages/api/auth/callback.ts [api]
2025-11-15T16:09:06.880Z post_write_code: src/pages/api/auth/oauth/[provider]/callback.ts [api]
2025-11-15T16:09:21.365Z post_write_code: src/pages/api/user/account.ts [api]
2025-11-15T17:33:19.341Z post_write_code: tests/unit/pages/api/auth/login-logger.test.ts [tests]
2025-11-15T20:32:34.871Z post_write_code: src/lib/validation/schemas/discount.ts [validation]
2025-11-15T20:32:38.174Z post_write_code: src/lib/validation/index.ts [src]
2025-11-15T20:45:11.630Z post_write_code: src/pages/api/user/logout-v2.ts [api]
2025-11-15T20:45:36.755Z post_write_code: src/pages/api/auth/magic/request.ts [api]
2025-11-15T20:48:15.086Z post_write_code: tests/unit/pages/api/auth/login-logger.test.ts [tests]
2025-11-15T22:41:15.193Z post_write_code: scripts/hooks/pre-write-guard.mjs [other]
2025-11-15T22:42:13.943Z post_write_code: docs/tools/cascade/hooks.md [docs]
2025-11-15T23:00:24.152Z post_write_code: scripts/hooks/pre-write-guard.mjs [other]
2025-11-15T23:00:43.709Z post_write_code: docs/tools/cascade/hooks.md [docs]
2025-11-15T23:10:25.254Z post_write_code: migrations/0033_create_discount_codes.sql [other]
2025-11-15T23:12:44.837Z post_write_code: src/lib/services/discount-service.ts [src]
2025-11-15T23:34:22.690Z post_write_code: tsconfig.json [other]
2025-11-15T23:53:02.726Z post_write_code: migrations/0013_create_comment_system.sql [other]
2025-11-16T00:33:02.487Z post_write_code: tests/integration/api/billing/stripe-webhook.test.ts [tests]
2025-11-16T00:33:52.799Z post_write_code: src/pages/api/admin/discounts/create.ts [api]
2025-11-16T00:40:39.366Z post_write_code: tests/integration/api/billing/stripe-webhook.test.ts [tests]
2025-11-16T00:45:15.531Z post_write_code: src/lib/validation/schemas/discount.ts [validation]
2025-11-16T00:49:26.634Z post_write_code: src/pages/api/admin/discounts/list.ts [api]
2025-11-16T00:55:32.643Z post_write_code: tests/integration/api/admin-discounts.test.ts [tests]
2025-11-16T01:06:54.013Z post_write_code: .github/renovate.json [other]
2025-11-16T01:07:38.860Z post_write_code: .github/renovate.json [other]
2025-11-16T01:13:09.013Z post_write_code: src/lib/i18n-admin.ts [src]
2025-11-16T01:13:46.183Z post_write_code: src/pages/api/health/db.ts [api]
2025-11-16T01:14:02.817Z post_write_code: src/lib/admin/api-client.ts [src]
2025-11-16T01:14:08.382Z post_write_code: src/pages/api/health/db.ts [api]
2025-11-16T01:15:11.961Z post_write_code: src/lib/admin/api-client.ts [src]
2025-11-16T01:15:31.641Z post_write_code: src/locales/admin.de.json [src]
2025-11-16T01:15:34.037Z post_write_code: src/locales/admin.en.json [src]
2025-11-16T01:16:27.399Z post_write_code: src/components/admin/dashboard/hooks/useAdminDiscounts.ts [src]
2025-11-16T01:17:02.746Z post_write_code: src/components/admin/dashboard/sections/DiscountManagementSection.tsx [src]
2025-11-16T01:17:06.688Z post_write_code: src/components/admin/dashboard/AdminDashboardApp.tsx [src]
2025-11-16T01:26:33.862Z post_write_code: src/lib/services/discount-service.ts [src]
2025-11-16T01:27:07.539Z post_write_code: src/pages/api/admin/discounts/create.ts [api]
2025-11-16T01:27:32.940Z post_write_code: tests/integration/api/health-db.test.ts [tests]
2025-11-16T01:30:11.878Z post_write_code: src/components/admin/dashboard/hooks/useAdminDiscounts.ts [src]
2025-11-16T01:36:03.744Z post_write_code: docs/development/ci-cd.md [docs]
2025-11-16T01:37:45.119Z post_write_code: src/pages/api/admin/discounts/create.ts [api]
2025-11-16T01:38:18.367Z post_write_code: src/pages/api/admin/discounts/list.ts [api]
2025-11-16T01:41:43.803Z post_write_code: src/lib/rate-limiter.ts [src]
2025-11-16T01:42:25.437Z post_write_code: src/pages/api/admin/discounts/create.ts [api]
2025-11-16T01:43:31.625Z post_write_code: src/pages/api/admin/discounts/create.ts [api]
2025-11-16T01:44:05.212Z post_write_code: src/pages/api/admin/discounts/list.ts [api]
2025-11-16T01:52:46.030Z post_write_code: src/lib/services/discount-service.ts [src]
2025-11-16T02:19:05.451Z post_write_code: src/pages/api/billing/stripe-webhook.ts [api]
2025-11-16T02:25:39.557Z post_write_code: docs/ops/runbook-auth.md [docs]
2025-11-16T03:07:00.707Z post_write_code: src/lib/services/discount-service.ts [src]
2025-11-16T03:07:42.490Z post_write_code: src/pages/api/billing/session.ts [api]
2025-11-16T03:08:53.901Z post_write_code: src/components/Header.astro [astro]
2025-11-16T03:10:20.252Z post_write_code: src/components/Header.astro [astro]
2025-11-16T03:11:01.297Z post_write_code: src/locales/de.json [src]
2025-11-16T03:11:12.214Z post_write_code: src/locales/en.json [src]
2025-11-16T03:11:44.088Z post_write_code: src/components/Footer.astro [astro]
2025-11-16T03:12:19.526Z post_write_code: src/locales/de.json [src]
2025-11-16T03:25:44.216Z post_write_code: tests/integration/billing-api.test.ts [tests]
2025-11-16T03:26:02.648Z post_write_code: tests/integration/billing-api.test.ts [tests]
2025-11-16T03:49:33.171Z post_write_code: openapi.yaml [openapi]
2025-11-16T03:53:37.689Z post_write_code: src/lib/services/discount-service.ts [src]
2025-11-16T03:53:42.794Z post_write_code: src/pages/api/admin/discounts/[id]/create-stripe-coupon.ts [api]
2025-11-16T03:53:44.420Z post_write_code: src/lib/admin/api-client.ts [src]
2025-11-16T03:54:32.131Z post_write_code: src/pages/api/admin/discounts/[id]/create-stripe-coupon.ts [api]
2025-11-16T03:55:18.994Z post_write_code: src/pages/api/admin/discounts/[id]/create-stripe-coupon.ts [api]
2025-11-16T03:56:21.549Z post_write_code: src/locales/de.json [src]
2025-11-16T03:56:52.529Z post_write_code: src/locales/en.json [src]
2025-11-16T03:58:00.342Z post_write_code: src/pages/pricing.astro [astro]
2025-11-16T04:26:24.448Z post_write_code: src/pages/api/debug/client-log.ts [api]
2025-11-16T05:32:16.403Z post_write_code: src/pages/api/admin/discounts/[id]/create-stripe-coupon.ts [api]
2025-11-16T05:36:06.042Z post_write_code: src/pages/api/admin/discounts/[id]/create-stripe-coupon.ts [api]
2025-11-16T05:38:04.480Z post_write_code: src/components/admin/dashboard/hooks/useAdminDiscounts.ts [src]
2025-11-16T05:38:54.811Z post_write_code: src/pages/api/admin/discounts/[id]/create-stripe-coupon.ts [api]
2025-11-16T05:39:10.479Z post_write_code: src/components/admin/dashboard/sections/DiscountManagementSection.tsx [src]
2025-11-16T05:39:24.030Z post_write_code: src/lib/i18n-admin.ts [src]
2025-11-16T05:39:28.102Z post_write_code: src/locales/admin.de.json [src]
2025-11-16T05:39:28.703Z post_write_code: src/locales/admin.en.json [src]
2025-11-16T05:40:00.418Z post_write_code: src/components/admin/dashboard/sections/DiscountManagementSection.tsx [src]
2025-11-16T05:49:49.979Z post_write_code: src/locales/de.json [src]
2025-11-16T05:49:57.195Z post_write_code: src/locales/en.json [src]
2025-11-16T05:50:17.614Z post_write_code: tests/integration/api/admin-discounts.test.ts [tests]
2025-11-16T06:03:43.716Z post_write_code: src/components/scripts/AuthStatusNotifier.tsx [src]
2025-11-16T06:05:33.868Z post_write_code: src/locales/de.json [src]
2025-11-16T06:05:52.334Z post_write_code: src/locales/en.json [src]
2025-11-16T06:19:42.214Z post_write_code: src/lib/validation/schemas/discount.ts [validation]
2025-11-16T06:20:12.017Z post_write_code: src/locales/de.json [src]
2025-11-16T06:20:14.584Z post_write_code: src/lib/validation/schemas/discount.ts [validation]
2025-11-16T06:20:42.246Z post_write_code: src/lib/services/discount-service.ts [src]
2025-11-16T06:21:09.882Z post_write_code: src/locales/en.json [src]
2025-11-16T06:21:50.132Z post_write_code: src/pages/dashboard.astro [astro]
2025-11-16T06:22:14.220Z post_write_code: src/pages/en/dashboard.astro [astro]
2025-11-16T06:29:23.666Z post_write_code: src/lib/i18n-admin.ts [src]
2025-11-16T06:29:26.766Z post_write_code: src/locales/admin.de.json [src]
2025-11-16T06:29:28.113Z post_write_code: src/locales/admin.en.json [src]
2025-11-16T06:29:35.403Z post_write_code: src/components/admin/dashboard/sections/DiscountManagementSection.tsx [src]
2025-11-16T06:37:52.684Z post_write_code: src/locales/en.json [src]
2025-11-16T06:37:55.450Z post_write_code: src/locales/de.json [src]
2025-11-16T06:37:59.492Z post_write_code: src/pages/dashboard.astro [astro]
2025-11-16T06:38:03.471Z post_write_code: src/pages/en/dashboard.astro [astro]
2025-11-16T06:40:41.966Z post_write_code: src/layouts/BaseLayout.astro [astro]
2025-11-16T06:41:03.286Z post_write_code: docs/api/billing_api.md [docs]
2025-11-16T06:41:10.629Z post_write_code: docs/features/pricing-system.md [docs]
2025-11-16T06:41:21.628Z post_write_code: src/components/auth/MagicLinkForm.astro [astro]
2025-11-16T06:41:44.900Z post_write_code: docs/api/admin_api.md [docs]
2025-11-16T06:41:59.315Z post_write_code: src/pages/kontakt.astro [astro]
2025-11-16T06:42:11.300Z post_write_code: docs/development/stripe-setup.md [docs]
2025-11-16T06:42:19.064Z post_write_code: docs/api/api-overview.md [docs]
2025-11-16T06:42:24.917Z post_write_code: docs/api/openapi.yaml [docs]
2025-11-16T06:43:40.210Z post_write_code: docs/api/api-overview.md [docs]
2025-11-16T06:45:47.663Z post_write_code: src/lib/i18n.test.ts [src]
2025-11-16T07:18:55.659Z post_write_code: src/locales/de.json [src]
2025-11-16T07:19:00.128Z post_write_code: src/locales/en.json [src]
2025-11-16T07:19:03.622Z post_write_code: src/pages/dashboard.astro [astro]
2025-11-16T07:19:10.575Z post_write_code: src/pages/en/dashboard.astro [astro]
2025-11-16T07:32:05.982Z post_write_code: src/pages/dashboard.astro [astro]
2025-11-16T07:32:32.004Z post_write_code: src/pages/en/dashboard.astro [astro]
2025-11-16T07:39:57.703Z post_write_code: test-suite-v2/fixtures/stytch-test-api.ts [other]
2025-11-16T07:40:51.925Z post_write_code: test-suite-v2/fixtures/auth-helpers.ts [other]
2025-11-16T07:55:40.501Z post_write_code: test-suite-v2/fixtures/auth-helpers.ts [other]
2025-11-16T08:13:51.623Z post_write_code: src/config/logging.ts [src]
2025-11-16T08:14:29.205Z post_write_code: src/lib/security-logger.ts [src]
2025-11-16T08:14:57.069Z post_write_code: src/pages/api/billing/session.ts [api]
2025-11-16T19:41:04.385Z post_write_code: openapi.yaml [openapi]
2025-11-16T19:43:44.912Z post_write_code: openapi.yaml [openapi]
2025-11-16T21:04:19.461Z post_write_code: src/lib/i18n-admin.ts [src]
2025-11-16T21:05:24.432Z post_write_code: src/locales/admin.de.json [src]
2025-11-16T21:05:46.904Z post_write_code: src/locales/admin.en.json [src]
2025-11-16T21:07:44.623Z post_write_code: src/lib/admin/api-client.ts [src]
2025-11-16T21:08:53.173Z post_write_code: src/components/admin/dashboard/hooks/useAdminCredits.ts [src]
2025-11-16T21:09:36.466Z post_write_code: src/components/admin/dashboard/hooks/useAdminCredits.ts [src]
2025-11-17T16:56:29.312Z post_write_code: src/components/admin/dashboard/sections/UserInsightsSection.tsx [src]
2025-11-17T17:03:33.450Z post_write_code: src/lib/i18n-admin.ts [src]
2025-11-17T17:04:35.097Z post_write_code: src/locales/admin.de.json [src]
2025-11-17T17:05:44.828Z post_write_code: src/locales/admin.en.json [src]
2025-11-17T17:07:36.084Z post_write_code: src/lib/admin/api-client.ts [src]
2025-11-17T17:10:35.073Z post_write_code: src/components/admin/dashboard/sections/UserInsightsSection.tsx [src]
2025-11-18T01:28:28.518Z post_write_code: docs/ops/production-readiness-go-live.md [docs]
2025-11-18T01:38:12.987Z post_write_code: docs/ops/production-readiness-go-live.md [docs]
2025-11-18T01:38:15.762Z post_write_code: docs/README.md [docs]
2025-11-18T01:38:19.929Z post_write_code: docs/ops/README.md [docs]
2025-11-18T01:57:04.901Z post_write_code: docs/ops/production-readiness-go-live.md [docs]
2025-11-18T02:04:07.541Z post_write_code: tests/integration/api/billing/stripe-webhook.test.ts [tests]
2025-11-18T02:07:57.608Z post_write_code: tests/integration/billing-api.test.ts [tests]
2025-11-18T03:31:09.621Z post_write_code: tests/integration/api/admin-credits-happy.test.ts [tests]
2025-11-18T03:34:45.561Z post_write_code: tests/integration/api/admin-credits-happy.test.ts [tests]
2025-11-18T03:43:22.830Z post_write_code: tests/integration/api/ai-image-usage.test.ts [tests]
2025-11-18T03:46:11.374Z post_write_code: tests/integration/api/web-eval-usage.test.ts [tests]
2025-11-18T04:16:34.745Z post_write_code: docs/ops/production-readiness-go-live.md [docs]
2025-11-18T04:40:25.105Z post_write_code: docs/ops/production-readiness-go-live.md [docs]
2025-11-18T06:44:12.053Z post_write_code: src/pages/en/dashboard.astro [astro]
2025-11-18T06:44:37.799Z post_write_code: src/pages/en/dashboard.astro [astro]
2025-11-18T06:45:57.234Z post_write_code: src/pages/dashboard.astro [astro]
2025-11-18T06:49:00.343Z post_write_code: docs/ops/production-readiness-go-live.md [docs]
2025-11-18T07:21:58.237Z post_write_code: docs/ops/production-readiness-go-live.md [docs]
2025-11-18T07:32:42.818Z post_write_code: docs/ops/production-readiness-go-live.md [docs]
2025-11-18T07:33:17.134Z post_write_code: docs/ops/production-readiness-go-live.md [docs]
2025-11-18T07:55:24.646Z post_write_code: src/lib/services/ai-image-service.ts [src]
2025-11-18T07:55:39.835Z post_write_code: src/pages/api/ai-image/usage.ts [api]
2025-11-18T08:45:31.696Z post_write_code: docs/ops/production-readiness-go-live.md [docs]
2025-11-18T09:09:21.625Z post_write_code: src/lib/kv/usage.ts [src]
2025-11-18T09:28:48.571Z post_write_code: docs/ops/production-readiness-go-live.md [docs]
2025-11-18T09:31:11.307Z post_write_code: docs/ops/production-readiness-go-live.md [docs]
2025-11-18T09:32:18.883Z post_write_code: src/pages/api/ai-image/usage.ts [api]
2025-11-18T09:34:47.988Z post_write_code: src/pages/api/ai-video/usage.ts [api]
2025-11-18T09:37:15.212Z post_write_code: src/pages/api/prompt/usage.ts [api]
2025-11-18T09:40:40.837Z post_write_code: docs/ops/production-readiness-go-live.md [docs]
2025-11-18T09:43:38.284Z post_write_code: docs/ops/production-readiness-go-live.md [docs]
2025-11-18T09:45:01.006Z post_write_code: docs/ops/production-readiness-go-live.md [docs]
2025-11-18T09:48:44.377Z post_write_code: docs/ops/production-readiness-go-live.md [docs]
2025-11-18T09:49:12.924Z post_write_code: docs/ops/production-readiness-go-live.md [docs]
2025-11-18T09:57:29.873Z post_write_code: src/pages/api/voice/usage.ts [api]
2025-11-18T09:58:21.796Z post_write_code: docs/ops/production-readiness-go-live.md [docs]
2025-11-18T10:01:11.250Z post_write_code: src/pages/api/webscraper/usage.ts [api]
2025-11-18T10:55:10.741Z post_write_code: src/pages/api/dashboard/billing-summary.ts [api]
2025-11-18T11:40:40.680Z post_write_code: src/pages/api/testing/evaluate/index.ts [api]
2025-11-18T11:45:53.884Z post_write_code: src/pages/api/dashboard/billing-summary.ts [api]
2025-11-18T19:25:07.068Z post_write_code: src/pages/api/dashboard/billing-summary.ts [api]
2025-11-18T19:25:33.118Z post_write_code: tests/integration/api/dashboard/billing-summary.tools.test.ts [tests]
2025-11-18T19:25:49.422Z post_write_code: tests/integration/api/dashboard/billing-summary.tools.test.ts [tests]
2025-11-18T21:44:27.082Z post_write_code: tests/integration/api/dashboard/billing-summary.tools.test.ts [tests]
2025-11-18T21:45:10.807Z post_write_code: tests/integration/api/dashboard/billing-summary.tools.test.ts [tests]
2025-11-18T21:52:51.553Z post_write_code: docs/ops/production-readiness-go-live.md [docs]
2025-11-18T21:54:25.272Z post_write_code: src/lib/testing/web-eval/env.ts [src]
2025-11-18T22:06:18.989Z post_write_code: docs/ops/production-readiness-go-live.md [docs]
2025-11-18T22:25:29.341Z post_write_code: tests/integration/api/quota-staging.test.ts [tests]
2025-11-18T22:25:48.812Z post_write_code: tests/integration/api/quota-staging.test.ts [tests]
2025-11-18T22:30:23.446Z post_write_code: tests/integration/api/web-eval-quota.test.ts [tests]
2025-11-19T03:49:04.263Z post_write_code: test-suite-v2/src/e2e/quota-smoke.spec.ts [other]
2025-11-19T03:53:41.828Z post_write_code: tests/integration/api/ai-image-quota.test.ts [tests]
2025-11-19T04:00:45.946Z post_write_code: tests/integration/api/ai-image-quota.test.ts [tests]
2025-11-19T04:01:02.262Z post_write_code: tests/integration/api/ai-image-quota.test.ts [tests]
2025-11-19T04:07:26.821Z post_write_code: docs/ops/production-readiness-go-live.md [docs]
2025-11-19T04:19:42.739Z post_write_code: tests/integration/api/ai-video-usage.test.ts [tests]
2025-11-19T04:19:44.525Z post_write_code: docs/ops/production-readiness-go-live.md [docs]
2025-11-19T04:28:21.542Z post_write_code: src/pages/api/health/db.ts [api]
2025-11-19T04:28:23.213Z post_write_code: tests/integration/api/health-db.test.ts [tests]
2025-11-19T04:28:24.582Z post_write_code: src/pages/api/dashboard/billing-summary.ts [api]
2025-11-19T14:52:58.726Z post_write_code: src/pages/api/admin/discounts/[id]/create-stripe-coupon.ts [api]
2025-11-19T14:52:59.567Z post_write_code: src/pages/api/ai-image/usage.ts [api]
2025-11-19T14:53:02.559Z post_write_code: src/pages/api/billing/stripe-webhook.ts [api]
2025-11-19T14:53:04.087Z post_write_code: src/pages/dashboard.astro [astro]
2025-11-19T14:53:08.117Z post_write_code: src/pages/en/dashboard.astro [astro]
2025-11-19T14:54:22.172Z post_write_code: docs/ops/production-readiness-go-live.md [docs]
2025-11-19T15:15:18.048Z post_write_code: docs/ops/production-readiness-go-live.md [docs]
2025-11-19T15:28:40.624Z post_write_code: docs/ops/production-readiness-go-live.md [docs]
2025-11-19T22:03:00.788Z post_write_code: src/components/tools/video-enhancer/useVideoUsage.ts [src]
2025-11-19T22:03:12.562Z post_write_code: src/components/tools/video-enhancer/VideoEnhancerIsland.tsx [src]
2025-11-19T22:06:39.611Z post_write_code: docs/ops/production-readiness-go-live.md [docs]
2025-11-20T01:16:37.269Z post_write_code: src/pages/en/tools/web-eval/app.astro [astro]
2025-11-20T01:16:58.093Z post_write_code: src/components/tools/web-eval/WebEvalIsland.tsx [src]
2025-11-20T01:18:25.142Z post_write_code: src/components/tools/web-eval/WebEvalIsland.tsx [src]
2025-11-20T01:41:26.749Z post_write_code: docs/ops/web-eval-executor-runbook.md [docs]
2025-11-20T01:41:33.022Z post_write_code: docs/ops/production-readiness-go-live.md [docs]
2025-11-20T03:46:33.695Z post_write_code: docs/ops/production-readiness-go-live.md [docs]
2025-11-20T04:50:41.617Z post_write_code: src/lib/testing/web-eval/browser-runner.ts [src]
2025-11-20T04:59:10.992Z post_write_code: package.json [other]
2025-11-20T04:59:19.316Z post_write_code: src/pages/api/billing/credits.ts [api]
2025-11-20T04:59:32.289Z post_write_code: src/lib/testing/web-eval/browser-runner.ts [src]
2025-11-20T04:59:47.371Z post_write_code: src/pages/api/testing/evaluate/next/run.ts [api]
2025-11-20T05:00:35.905Z post_write_code: src/lib/testing/web-eval/browser-runner.ts [src]
2025-11-20T05:01:11.186Z post_write_code: src/pages/api/billing/sync.ts [api]
2025-11-20T05:07:54.214Z post_write_code: docs/ops/production-readiness-go-live.md [docs]
2025-11-20T05:17:04.314Z post_write_code: src/pages/en/dashboard.astro [astro]
2025-11-20T05:18:57.346Z post_write_code: docs/ops/production-readiness-go-live.md [docs]
2025-11-20T05:37:43.694Z post_write_code: src/pages/en/dashboard.astro [astro]
2025-11-20T05:38:31.824Z post_write_code: src/locales/en.json [src]
2025-11-20T05:38:33.218Z post_write_code: src/locales/de.json [src]
2025-11-20T05:39:55.377Z post_write_code: docs/ops/production-readiness-go-live.md [docs]
2025-11-20T05:46:27.959Z post_write_code: docs/ops/production-readiness-go-live.md [docs]
2025-11-20T06:35:02.969Z post_write_code: tests/integration/api/admin-billing-smoke.test.ts [tests]
2025-11-20T06:47:11.645Z post_write_code: tests/integration/api/admin-billing-smoke.test.ts [tests]
2025-11-20T06:48:38.692Z post_write_code: src/pages/dashboard.astro [astro]
2025-11-20T06:49:00.533Z post_write_code: src/pages/dashboard.astro [astro]
2025-11-20T06:49:55.598Z post_write_code: tests/integration/api/admin-billing-smoke.test.ts [tests]
2025-11-20T06:54:15.852Z post_write_code: src/lib/testing/web-eval/browser-runner.ts [src]
2025-11-20T06:56:09.858Z post_write_code: docs/ops/production-readiness-go-live.md [docs]
2025-11-20T07:13:00.427Z post_write_code: src/pages/api/dashboard/billing-summary.ts [api]
2025-11-20T07:23:49.572Z post_write_code: src/components/admin/dashboard/hooks/useAdminUserList.ts [src]
2025-11-20T07:24:24.855Z post_write_code: src/components/admin/dashboard/sections/UserInsightsSection.tsx [src]
2025-11-20T08:25:46.785Z post_write_code: src/pages/dashboard.astro [astro]
2025-11-20T08:34:27.699Z post_write_code: src/components/admin/dashboard/sections/UserInsightsSection.tsx [src]
2025-11-20T08:36:26.623Z post_write_code: src/pages/en/dashboard.astro [astro]
2025-11-20T08:42:30.410Z post_write_code: src/pages/dashboard.astro [astro]
2025-11-20T08:42:35.303Z post_write_code: src/pages/en/dashboard.astro [astro]
2025-11-20T08:55:04.146Z post_write_code: src/lib/rate-limiter.ts [src]
2025-11-20T08:56:34.734Z post_write_code: src/pages/api/admin/credits/grant.ts [api]
2025-11-20T08:56:38.873Z post_write_code: src/pages/api/admin/credits/deduct.ts [api]
2025-11-20T08:57:14.393Z post_write_code: src/pages/api/admin/users/set-plan.ts [api]
2025-11-20T08:58:40.987Z post_write_code: src/pages/api/admin/users/set-plan.ts [api]
2025-11-20T08:58:41.851Z post_write_code: src/lib/i18n-admin.ts [src]
2025-11-20T08:58:46.305Z post_write_code: src/locales/admin.de.json [src]
2025-11-20T08:58:49.543Z post_write_code: src/locales/admin.en.json [src]
2025-11-20T08:58:55.735Z post_write_code: src/pages/dashboard.astro [astro]
2025-11-20T09:00:34.964Z post_write_code: src/pages/api/admin/users/set-plan.ts [api]
2025-11-20T09:04:48.977Z post_write_code: src/pages/api/admin/users/set-plan.ts [api]
2025-11-20T09:07:19.609Z post_write_code: src/components/dashboard/ToolsUsageOverviewCard.tsx [src]
2025-11-20T09:07:38.394Z post_write_code: src/pages/dashboard.astro [astro]
2025-11-20T09:08:15.579Z post_write_code: src/pages/dashboard.astro [astro]
2025-11-20T09:09:01.484Z post_write_code: src/pages/en/dashboard.astro [astro]
2025-11-20T09:09:29.487Z post_write_code: src/pages/en/dashboard.astro [astro]
2025-11-20T09:46:59.926Z post_write_code: src/pages/dashboard.astro [astro]
2025-11-20T09:48:02.303Z post_write_code: src/pages/en/dashboard.astro [astro]
2025-11-20T09:49:03.500Z post_write_code: src/components/admin/dashboard/sections/UserInsightsSection.tsx [src]
2025-11-20T09:49:39.257Z post_write_code: src/lib/rate-limiter.d.ts [src]
2025-11-20T13:34:02.888Z post_write_code: src/pages/api/admin/users/set-plan.ts [api]
2025-11-20T21:24:17.807Z post_write_code: docs/ops/production-readiness-go-live.md [docs]
2025-11-21T05:09:06.398Z post_write_code: docs/ops/web-eval-executor-runbook.md [docs]
2025-11-21T17:52:39.068Z post_write_code: src/components/admin/dashboard/hooks/useAdminCredits.ts [src]
2025-11-21T17:53:02.956Z post_write_code: src/components/admin/dashboard/sections/UserInsightsSection.tsx [src]
2025-11-21T17:57:49.147Z post_write_code: tests/integration/api/admin-rate-limits-reset-smoke.test.ts [tests]
2025-11-21T18:00:26.169Z post_write_code: src/lib/testing/web-eval/types.ts [src]
2025-11-21T18:00:31.894Z post_write_code: src/lib/validation/schemas/web-eval.ts [validation]
2025-11-21T18:03:12.581Z post_write_code: src/lib/testing/web-eval/index.ts [src]
2025-11-21T18:03:27.326Z post_write_code: src/lib/testing/web-eval/browser-runner.ts [src]
2025-11-21T18:11:24.867Z post_write_code: src/lib/testing/web-eval/types.ts [src]
2025-11-21T18:11:34.142Z post_write_code: src/lib/validation/schemas/web-eval.ts [validation]
2025-11-21T18:11:39.632Z post_write_code: src/pages/api/testing/evaluate/index.ts [api]
2025-11-21T18:13:24.177Z post_write_code: docs/ops/production-readiness-go-live.md [docs]
2025-11-21T18:38:59.601Z post_write_code: tests/integration/api/web-eval-run.test.ts [tests]
2025-11-21T19:28:59.367Z post_write_code: src/pages/api/testing/evaluate/index.ts [api]
