2025-11-14T04:00:03.822Z pre_write_code: src/components/comments/CommentErrorBoundary.tsx
2025-11-14T04:39:05.572Z pre_write_code: tests/unit/useIsMobile.test.tsx
2025-11-14T04:41:58.941Z pre_write_code: tests/unit/useIsMobile.test.tsx
2025-11-14T05:03:21.381Z pre_write_code: docs/ops/runbook-auth.md
2025-11-14T05:03:36.238Z pre_write_code: docs/ops/runbook-auth.md
2025-11-14T08:01:48.962Z pre_write_code: src/lib/security-logger.ts
2025-11-14T21:01:54.610Z pre_write_code: tests/unit/logging/log-utils.sanitizeObject.test.ts
2025-11-14T21:03:13.360Z pre_write_code: tests/unit/logging/security-logger.test.ts
2025-11-14T21:41:55.422Z pre_write_code: tests/e2e/specs/auth-magic-request.spec.ts
2025-11-15T00:07:57.590Z pre_write_code: tests/unit/services/auth-service-login.logging.test.ts
2025-11-15T00:08:08.148Z pre_write_code: docs/ops/runbook-auth.md
2025-11-15T00:08:29.345Z pre_write_code: docs/features/production-logging.md
2025-11-15T00:34:45.742Z pre_write_code: docs/ops/runbook-auth.md
2025-11-15T02:21:55.906Z pre_write_code: src/components/blog/BlogCTA.astro
2025-11-15T02:22:39.818Z pre_write_code: src/components/blog/LeadMagnetCTA.astro
2025-11-15T02:23:03.352Z pre_write_code: tests/integration/api/debug-login.test.ts
2025-11-15T02:23:20.760Z pre_write_code: tests/unit/comment-components.test.tsx
2025-11-15T02:25:47.650Z pre_write_code: src/pages/api/user/logout.ts
2025-11-15T15:37:37.517Z pre_write_code: src/pages/api/user/logout-v2.ts
2025-11-15T15:41:35.443Z pre_write_code: src/pages/api/billing/stripe-webhook.ts
2025-11-15T16:08:45.816Z pre_write_code: src/pages/api/auth/callback.ts
2025-11-15T16:09:04.798Z pre_write_code: src/pages/api/auth/oauth/[provider]/callback.ts
2025-11-15T16:09:19.298Z pre_write_code: src/pages/api/user/account.ts
2025-11-15T17:33:17.251Z pre_write_code: tests/unit/pages/api/auth/login-logger.test.ts
2025-11-15T20:32:32.799Z pre_write_code: src/lib/validation/schemas/discount.ts
2025-11-15T20:32:34.532Z pre_write_code: src/lib/validation/index.ts
2025-11-15T20:45:09.462Z pre_write_code: src/pages/api/user/logout-v2.ts
2025-11-15T20:45:34.685Z pre_write_code: src/pages/api/auth/magic/request.ts
2025-11-15T20:48:11.163Z pre_write_code: tests/unit/pages/api/auth/login-logger.test.ts
2025-11-15T22:41:13.743Z pre_write_code: scripts/hooks/pre-write-guard.mjs
2025-11-15T22:42:13.857Z pre_write_code: docs/tools/cascade/hooks.md
2025-11-15T23:00:20.853Z pre_write_code: scripts/hooks/pre-write-guard.mjs
2025-11-15T23:00:41.581Z pre_write_code: docs/tools/cascade/hooks.md
2025-11-15T23:10:23.176Z pre_write_code: migrations/0033_create_discount_codes.sql
2025-11-15T23:12:42.764Z pre_write_code: src/lib/services/discount-service.ts
2025-11-15T23:34:20.598Z pre_write_code: tsconfig.json
2025-11-15T23:52:55.276Z pre_write_code: migrations/0013_create_comment_system.sql
2025-11-16T00:33:00.406Z pre_write_code: tests/integration/api/billing/stripe-webhook.test.ts
2025-11-16T00:33:50.727Z pre_write_code: src/pages/api/admin/discounts/create.ts
2025-11-16T00:40:37.274Z pre_write_code: tests/integration/api/billing/stripe-webhook.test.ts
2025-11-16T00:45:13.442Z pre_write_code: src/lib/validation/schemas/discount.ts
2025-11-16T00:49:24.562Z pre_write_code: src/pages/api/admin/discounts/list.ts
2025-11-16T00:55:30.567Z pre_write_code: tests/integration/api/admin-discounts.test.ts
2025-11-16T01:06:52.975Z pre_write_code: .github/renovate.json
2025-11-16T01:07:37.839Z pre_write_code: .github/renovate.json
2025-11-16T01:13:06.937Z pre_write_code: src/lib/i18n-admin.ts
2025-11-16T01:13:44.048Z pre_write_code: src/pages/api/health/db.ts
2025-11-16T01:13:56.608Z pre_write_code: src/lib/admin/api-client.ts
2025-11-16T01:14:06.312Z pre_write_code: src/pages/api/health/db.ts
2025-11-16T01:15:10.380Z pre_write_code: src/lib/admin/api-client.ts
2025-11-16T01:15:29.553Z pre_write_code: src/locales/admin.de.json
2025-11-16T01:15:31.966Z pre_write_code: src/locales/admin.en.json
2025-11-16T01:16:25.328Z pre_write_code: src/components/admin/dashboard/hooks/useAdminDiscounts.ts
2025-11-16T01:17:00.644Z pre_write_code: src/components/admin/dashboard/sections/DiscountManagementSection.tsx
2025-11-16T01:17:04.619Z pre_write_code: src/components/admin/dashboard/AdminDashboardApp.tsx
2025-11-16T01:26:31.789Z pre_write_code: src/lib/services/discount-service.ts
2025-11-16T01:27:05.376Z pre_write_code: src/pages/api/admin/discounts/create.ts
2025-11-16T01:27:30.874Z pre_write_code: tests/integration/api/health-db.test.ts
2025-11-16T01:30:09.800Z pre_write_code: src/components/admin/dashboard/hooks/useAdminDiscounts.ts
2025-11-16T01:36:02.226Z pre_write_code: docs/development/ci-cd.md
2025-11-16T01:37:43.027Z pre_write_code: src/pages/api/admin/discounts/create.ts
2025-11-16T01:38:16.267Z pre_write_code: src/pages/api/admin/discounts/list.ts
2025-11-16T01:41:39.469Z pre_write_code: src/lib/rate-limiter.ts
2025-11-16T01:42:21.484Z pre_write_code: src/pages/api/admin/discounts/create.ts
2025-11-16T01:43:29.979Z pre_write_code: src/pages/api/admin/discounts/create.ts
2025-11-16T01:43:59.848Z pre_write_code: src/pages/api/admin/discounts/list.ts
2025-11-16T01:52:43.927Z pre_write_code: src/lib/services/discount-service.ts
2025-11-16T02:19:03.353Z pre_write_code: src/pages/api/billing/stripe-webhook.ts
2025-11-16T02:25:33.899Z pre_write_code: docs/ops/runbook-auth.md
2025-11-16T03:06:58.636Z pre_write_code: src/lib/services/discount-service.ts
2025-11-16T03:07:39.554Z pre_write_code: src/pages/api/billing/session.ts
2025-11-16T03:08:46.113Z pre_write_code: src/components/Header.astro
2025-11-16T03:10:18.184Z pre_write_code: src/components/Header.astro
2025-11-16T03:10:59.082Z pre_write_code: src/locales/de.json
2025-11-16T03:11:10.136Z pre_write_code: src/locales/en.json
2025-11-16T03:11:34.790Z pre_write_code: src/components/Footer.astro
2025-11-16T03:12:17.443Z pre_write_code: src/locales/de.json
2025-11-16T03:25:42.630Z pre_write_code: tests/integration/billing-api.test.ts
2025-11-16T03:26:01.206Z pre_write_code: tests/integration/billing-api.test.ts
2025-11-16T03:49:31.072Z pre_write_code: openapi.yaml
2025-11-16T03:53:35.576Z pre_write_code: src/lib/services/discount-service.ts
2025-11-16T03:53:40.724Z pre_write_code: src/pages/api/admin/discounts/[id]/create-stripe-coupon.ts
2025-11-16T03:53:42.346Z pre_write_code: src/lib/admin/api-client.ts
2025-11-16T03:54:30.713Z pre_write_code: src/pages/api/admin/discounts/[id]/create-stripe-coupon.ts
2025-11-16T03:55:17.586Z pre_write_code: src/pages/api/admin/discounts/[id]/create-stripe-coupon.ts
2025-11-16T03:56:19.471Z pre_write_code: src/locales/de.json
2025-11-16T03:56:47.148Z pre_write_code: src/locales/en.json
2025-11-16T03:57:58.274Z pre_write_code: src/pages/pricing.astro
2025-11-16T04:26:21.058Z pre_write_code: src/pages/api/debug/client-log.ts
2025-11-16T05:32:14.325Z pre_write_code: src/pages/api/admin/discounts/[id]/create-stripe-coupon.ts
2025-11-16T05:36:03.926Z pre_write_code: src/pages/api/admin/discounts/[id]/create-stripe-coupon.ts
2025-11-16T05:38:02.322Z pre_write_code: src/components/admin/dashboard/hooks/useAdminDiscounts.ts
2025-11-16T05:38:53.071Z pre_write_code: src/pages/api/admin/discounts/[id]/create-stripe-coupon.ts
2025-11-16T05:39:08.260Z pre_write_code: src/components/admin/dashboard/sections/DiscountManagementSection.tsx
2025-11-16T05:39:11.098Z pre_write_code: src/lib/i18n-admin.ts
2025-11-16T05:39:15.850Z pre_write_code: src/locales/admin.de.json
2025-11-16T05:39:24.030Z pre_write_code: src/locales/admin.en.json
2025-11-16T05:39:58.292Z pre_write_code: src/components/admin/dashboard/sections/DiscountManagementSection.tsx
2025-11-16T05:49:47.891Z pre_write_code: src/locales/de.json
2025-11-16T05:49:55.096Z pre_write_code: src/locales/en.json
2025-11-16T05:50:15.427Z pre_write_code: tests/integration/api/admin-discounts.test.ts
2025-11-16T06:03:32.407Z pre_write_code: src/components/scripts/AuthStatusNotifier.tsx
2025-11-16T06:05:30.665Z pre_write_code: src/locales/de.json
2025-11-16T06:05:45.939Z pre_write_code: src/locales/en.json
2025-11-16T06:19:40.097Z pre_write_code: src/lib/validation/schemas/discount.ts
2025-11-16T06:20:09.880Z pre_write_code: src/locales/de.json
2025-11-16T06:20:12.408Z pre_write_code: src/lib/validation/schemas/discount.ts
2025-11-16T06:20:40.002Z pre_write_code: src/lib/services/discount-service.ts
2025-11-16T06:21:05.144Z pre_write_code: src/locales/en.json
2025-11-16T06:21:48.022Z pre_write_code: src/pages/dashboard.astro
2025-11-16T06:22:11.947Z pre_write_code: src/pages/en/dashboard.astro
2025-11-16T06:29:21.160Z pre_write_code: src/lib/i18n-admin.ts
2025-11-16T06:29:24.604Z pre_write_code: src/locales/admin.de.json
2025-11-16T06:29:25.829Z pre_write_code: src/locales/admin.en.json
2025-11-16T06:29:33.218Z pre_write_code: src/components/admin/dashboard/sections/DiscountManagementSection.tsx
2025-11-16T06:37:50.456Z pre_write_code: src/locales/en.json
2025-11-16T06:37:53.011Z pre_write_code: src/locales/de.json
2025-11-16T06:37:57.273Z pre_write_code: src/pages/dashboard.astro
2025-11-16T06:38:01.147Z pre_write_code: src/pages/en/dashboard.astro
2025-11-16T06:40:39.827Z pre_write_code: src/layouts/BaseLayout.astro
2025-11-16T06:40:58.434Z pre_write_code: docs/api/billing_api.md
2025-11-16T06:41:03.968Z pre_write_code: docs/features/pricing-system.md
2025-11-16T06:41:19.174Z pre_write_code: src/components/auth/MagicLinkForm.astro
2025-11-16T06:41:40.650Z pre_write_code: docs/api/admin_api.md
2025-11-16T06:41:56.827Z pre_write_code: src/pages/kontakt.astro
2025-11-16T06:42:04.991Z pre_write_code: docs/development/stripe-setup.md
2025-11-16T06:42:11.410Z pre_write_code: docs/api/api-overview.md
2025-11-16T06:42:22.397Z pre_write_code: docs/api/openapi.yaml
2025-11-16T06:43:34.554Z pre_write_code: docs/api/api-overview.md
2025-11-16T06:45:45.559Z pre_write_code: src/lib/i18n.test.ts
2025-11-16T07:18:49.598Z pre_write_code: src/locales/en.json
2025-11-16T07:18:53.473Z pre_write_code: src/locales/de.json
2025-11-16T07:19:01.499Z pre_write_code: src/pages/dashboard.astro
2025-11-16T07:19:08.325Z pre_write_code: src/pages/en/dashboard.astro
2025-11-16T07:32:00.795Z pre_write_code: src/pages/dashboard.astro
2025-11-16T07:32:29.454Z pre_write_code: src/pages/en/dashboard.astro
2025-11-16T07:39:54.644Z pre_write_code: test-suite-v2/fixtures/stytch-test-api.ts
2025-11-16T07:40:49.503Z pre_write_code: test-suite-v2/fixtures/auth-helpers.ts
2025-11-16T07:55:39.104Z pre_write_code: test-suite-v2/fixtures/auth-helpers.ts
2025-11-16T08:13:49.379Z pre_write_code: src/config/logging.ts
2025-11-16T08:14:27.029Z pre_write_code: src/lib/security-logger.ts
2025-11-16T08:14:54.872Z pre_write_code: src/pages/api/billing/session.ts
2025-11-16T19:40:50.993Z pre_write_code: openapi.yaml
2025-11-16T19:43:42.829Z pre_write_code: openapi.yaml
2025-11-16T21:04:17.298Z pre_write_code: src/lib/i18n-admin.ts
2025-11-16T21:05:22.139Z pre_write_code: src/locales/admin.de.json
2025-11-16T21:05:44.828Z pre_write_code: src/locales/admin.en.json
2025-11-16T21:07:42.480Z pre_write_code: src/lib/admin/api-client.ts
2025-11-16T21:08:51.073Z pre_write_code: src/components/admin/dashboard/hooks/useAdminCredits.ts
2025-11-16T21:09:34.383Z pre_write_code: src/components/admin/dashboard/hooks/useAdminCredits.ts
2025-11-17T16:56:27.199Z pre_write_code: src/components/admin/dashboard/sections/UserInsightsSection.tsx
2025-11-17T17:03:31.356Z pre_write_code: src/lib/i18n-admin.ts
2025-11-17T17:04:32.993Z pre_write_code: src/locales/admin.de.json
2025-11-17T17:05:42.719Z pre_write_code: src/locales/admin.en.json
2025-11-17T17:07:28.277Z pre_write_code: src/lib/admin/api-client.ts
2025-11-17T17:10:32.873Z pre_write_code: src/components/admin/dashboard/sections/UserInsightsSection.tsx
2025-11-18T01:28:26.775Z pre_write_code: docs/ops/production-readiness-go-live.md
2025-11-18T01:38:06.003Z pre_write_code: docs/ops/production-readiness-go-live.md
2025-11-18T01:38:10.545Z pre_write_code: docs/README.md
2025-11-18T01:38:15.694Z pre_write_code: docs/ops/README.md
2025-11-18T01:56:58.268Z pre_write_code: docs/ops/production-readiness-go-live.md
2025-11-18T02:04:05.445Z pre_write_code: tests/integration/api/billing/stripe-webhook.test.ts
2025-11-18T02:07:55.480Z pre_write_code: tests/integration/billing-api.test.ts
2025-11-18T03:31:07.525Z pre_write_code: tests/integration/api/admin-credits-happy.test.ts
2025-11-18T03:34:43.429Z pre_write_code: tests/integration/api/admin-credits-happy.test.ts
2025-11-18T03:43:20.702Z pre_write_code: tests/integration/api/ai-image-usage.test.ts
2025-11-18T03:46:09.278Z pre_write_code: tests/integration/api/web-eval-usage.test.ts
2025-11-18T04:16:32.626Z pre_write_code: docs/ops/production-readiness-go-live.md
2025-11-18T04:40:22.989Z pre_write_code: docs/ops/production-readiness-go-live.md
2025-11-18T06:44:03.577Z pre_write_code: src/pages/en/dashboard.astro
2025-11-18T06:44:35.695Z pre_write_code: src/pages/en/dashboard.astro
2025-11-18T06:45:48.472Z pre_write_code: src/pages/dashboard.astro
2025-11-18T06:48:58.259Z pre_write_code: docs/ops/production-readiness-go-live.md
2025-11-18T07:21:56.054Z pre_write_code: docs/ops/production-readiness-go-live.md
2025-11-18T07:32:40.595Z pre_write_code: docs/ops/production-readiness-go-live.md
2025-11-18T07:33:13.837Z pre_write_code: docs/ops/production-readiness-go-live.md
2025-11-18T07:55:20.092Z pre_write_code: src/lib/services/ai-image-service.ts
2025-11-18T07:55:27.713Z pre_write_code: src/pages/api/ai-image/usage.ts
2025-11-18T07:55:51.220Z pre_write_code: docs/ops/production-readiness-go-live.md
2025-11-18T08:45:29.575Z pre_write_code: docs/ops/production-readiness-go-live.md
2025-11-18T09:09:19.555Z pre_write_code: src/lib/kv/usage.ts
2025-11-18T09:28:46.498Z pre_write_code: docs/ops/production-readiness-go-live.md
2025-11-18T09:31:09.231Z pre_write_code: docs/ops/production-readiness-go-live.md
2025-11-18T09:32:16.817Z pre_write_code: src/pages/api/ai-image/usage.ts
2025-11-18T09:34:45.906Z pre_write_code: src/pages/api/ai-video/usage.ts
2025-11-18T09:37:13.134Z pre_write_code: src/pages/api/prompt/usage.ts
2025-11-18T09:40:39.265Z pre_write_code: docs/ops/production-readiness-go-live.md
2025-11-18T09:43:34.863Z pre_write_code: docs/ops/production-readiness-go-live.md
2025-11-18T09:44:58.927Z pre_write_code: docs/ops/production-readiness-go-live.md
2025-11-18T09:48:38.119Z pre_write_code: docs/ops/production-readiness-go-live.md
2025-11-18T09:49:11.204Z pre_write_code: docs/ops/production-readiness-go-live.md
2025-11-18T09:49:19.645Z pre_write_code: docs/ops/production-readiness-go-live.md
2025-11-18T09:57:27.783Z pre_write_code: src/pages/api/voice/usage.ts
2025-11-18T09:58:19.439Z pre_write_code: docs/ops/production-readiness-go-live.md
2025-11-18T10:01:09.185Z pre_write_code: src/pages/api/webscraper/usage.ts
2025-11-18T10:55:01.439Z pre_write_code: src/pages/api/dashboard/billing-summary.ts
2025-11-18T11:40:38.594Z pre_write_code: src/pages/api/testing/evaluate/index.ts
2025-11-18T11:45:51.787Z pre_write_code: src/pages/api/dashboard/billing-summary.ts
2025-11-18T11:45:53.798Z pre_write_code: .env.example
2025-11-18T19:25:04.923Z pre_write_code: src/pages/api/dashboard/billing-summary.ts
2025-11-18T19:25:30.991Z pre_write_code: tests/integration/api/dashboard/billing-summary.tools.test.ts
2025-11-18T19:25:47.335Z pre_write_code: tests/integration/api/dashboard/billing-summary.tools.test.ts
2025-11-18T21:44:24.985Z pre_write_code: tests/integration/api/dashboard/billing-summary.tools.test.ts
2025-11-18T21:45:08.739Z pre_write_code: tests/integration/api/dashboard/billing-summary.tools.test.ts
2025-11-18T21:52:49.488Z pre_write_code: docs/ops/production-readiness-go-live.md
2025-11-18T21:54:23.210Z pre_write_code: src/lib/testing/web-eval/env.ts
2025-11-18T22:06:16.888Z pre_write_code: docs/ops/production-readiness-go-live.md
2025-11-18T22:25:27.180Z pre_write_code: tests/integration/api/quota-staging.test.ts
2025-11-18T22:25:47.070Z pre_write_code: tests/integration/api/quota-staging.test.ts
2025-11-18T22:30:21.359Z pre_write_code: tests/integration/api/web-eval-quota.test.ts
2025-11-19T03:49:02.194Z pre_write_code: test-suite-v2/src/e2e/quota-smoke.spec.ts
2025-11-19T03:53:39.749Z pre_write_code: tests/integration/api/ai-image-quota.test.ts
2025-11-19T04:00:39.605Z pre_write_code: tests/integration/api/ai-image-quota.test.ts
2025-11-19T04:00:57.392Z pre_write_code: tests/integration/api/ai-image-quota.test.ts
2025-11-19T04:07:23.665Z pre_write_code: docs/ops/production-readiness-go-live.md
2025-11-19T04:19:31.317Z pre_write_code: docs/ops/production-readiness-go-live.md
2025-11-19T04:19:40.613Z pre_write_code: tests/integration/api/ai-video-usage.test.ts
2025-11-19T04:28:19.482Z pre_write_code: src/pages/api/health/db.ts
2025-11-19T04:28:21.162Z pre_write_code: tests/integration/api/health-db.test.ts
2025-11-19T04:28:22.502Z pre_write_code: src/pages/api/dashboard/billing-summary.ts
2025-11-19T14:52:56.620Z pre_write_code: src/pages/api/admin/discounts/[id]/create-stripe-coupon.ts
2025-11-19T14:52:57.486Z pre_write_code: src/pages/api/ai-image/usage.ts
2025-11-19T14:53:00.439Z pre_write_code: src/pages/api/billing/stripe-webhook.ts
2025-11-19T14:53:01.843Z pre_write_code: src/pages/dashboard.astro
2025-11-19T14:53:06.034Z pre_write_code: src/pages/en/dashboard.astro
2025-11-19T14:54:20.103Z pre_write_code: docs/ops/production-readiness-go-live.md
2025-11-19T15:15:06.938Z pre_write_code: docs/ops/production-readiness-go-live.md
2025-11-19T15:28:23.917Z pre_write_code: docs/ops/production-readiness-go-live.md
2025-11-19T22:02:58.619Z pre_write_code: src/components/tools/video-enhancer/useVideoUsage.ts
2025-11-19T22:03:06.249Z pre_write_code: src/components/tools/video-enhancer/VideoEnhancerIsland.tsx
2025-11-19T22:06:37.537Z pre_write_code: docs/ops/production-readiness-go-live.md
2025-11-20T01:16:35.137Z pre_write_code: src/pages/en/tools/web-eval/app.astro
2025-11-20T01:16:56.030Z pre_write_code: src/components/tools/web-eval/WebEvalIsland.tsx
2025-11-20T01:18:22.891Z pre_write_code: src/components/tools/web-eval/WebEvalIsland.tsx
2025-11-20T01:41:24.588Z pre_write_code: docs/ops/web-eval-executor-runbook.md
2025-11-20T01:41:30.960Z pre_write_code: docs/ops/production-readiness-go-live.md
2025-11-20T03:46:22.091Z pre_write_code: docs/ops/production-readiness-go-live.md
2025-11-20T04:50:39.425Z pre_write_code: src/lib/testing/web-eval/browser-runner.ts
2025-11-20T04:59:08.880Z pre_write_code: package.json
2025-11-20T04:59:17.178Z pre_write_code: src/pages/api/billing/credits.ts
2025-11-20T04:59:30.154Z pre_write_code: src/lib/testing/web-eval/browser-runner.ts
2025-11-20T04:59:45.289Z pre_write_code: src/pages/api/testing/evaluate/next/run.ts
2025-11-20T05:00:32.431Z pre_write_code: src/lib/testing/web-eval/browser-runner.ts
2025-11-20T05:00:58.809Z pre_write_code: src/pages/api/billing/sync.ts
2025-11-20T05:07:52.554Z pre_write_code: docs/ops/production-readiness-go-live.md
2025-11-20T05:14:47.858Z pre_write_code: docs/ops/production-readiness-go-live.md
2025-11-20T05:17:02.212Z pre_write_code: src/pages/en/dashboard.astro
2025-11-20T05:18:55.259Z pre_write_code: docs/ops/production-readiness-go-live.md
2025-11-20T05:37:41.559Z pre_write_code: src/pages/en/dashboard.astro
2025-11-20T05:38:30.846Z pre_write_code: src/locales/en.json
2025-11-20T05:38:32.119Z pre_write_code: src/locales/de.json
2025-11-20T05:39:53.300Z pre_write_code: docs/ops/production-readiness-go-live.md
2025-11-20T05:46:25.873Z pre_write_code: docs/ops/production-readiness-go-live.md
2025-11-20T06:35:00.585Z pre_write_code: tests/integration/api/admin-billing-smoke.test.ts
2025-11-20T06:47:01.824Z pre_write_code: tests/integration/api/admin-billing-smoke.test.ts
2025-11-20T06:48:36.607Z pre_write_code: src/pages/dashboard.astro
2025-11-20T06:48:58.413Z pre_write_code: src/pages/dashboard.astro
2025-11-20T06:49:41.130Z pre_write_code: tests/integration/api/admin-billing-smoke.test.ts
2025-11-20T06:54:08.322Z pre_write_code: src/lib/testing/web-eval/browser-runner.ts
2025-11-20T06:55:56.638Z pre_write_code: docs/ops/production-readiness-go-live.md
2025-11-20T07:12:58.272Z pre_write_code: src/pages/api/dashboard/billing-summary.ts
2025-11-20T07:23:43.268Z pre_write_code: src/components/admin/dashboard/sections/UserInsightsSection.tsx
2025-11-20T07:23:47.451Z pre_write_code: src/components/admin/dashboard/hooks/useAdminUserList.ts
2025-11-20T08:25:44.653Z pre_write_code: src/pages/dashboard.astro
2025-11-20T08:34:15.008Z pre_write_code: src/components/admin/dashboard/sections/UserInsightsSection.tsx
2025-11-20T08:36:24.197Z pre_write_code: src/pages/en/dashboard.astro
2025-11-20T08:42:27.515Z pre_write_code: src/pages/dashboard.astro
2025-11-20T08:42:32.657Z pre_write_code: src/pages/en/dashboard.astro
2025-11-20T08:54:53.920Z pre_write_code: src/lib/rate-limiter.ts
2025-11-20T08:56:28.252Z pre_write_code: src/pages/api/admin/users/set-plan.ts
2025-11-20T08:56:29.595Z pre_write_code: src/pages/api/admin/credits/grant.ts
2025-11-20T08:56:32.009Z pre_write_code: src/pages/api/admin/credits/deduct.ts
2025-11-20T08:58:35.309Z pre_write_code: src/pages/api/admin/users/set-plan.ts
2025-11-20T08:58:36.570Z pre_write_code: src/lib/i18n-admin.ts
2025-11-20T08:58:39.419Z pre_write_code: src/locales/admin.de.json
2025-11-20T08:58:43.133Z pre_write_code: src/locales/admin.en.json
2025-11-20T08:58:53.325Z pre_write_code: src/pages/dashboard.astro
2025-11-20T09:00:16.649Z pre_write_code: src/pages/api/admin/users/set-plan.ts
2025-11-20T09:02:05.724Z pre_write_code: src/pages/api/admin/users/set-plan.ts
2025-11-20T09:04:47.220Z pre_write_code: src/pages/api/admin/users/set-plan.ts
2025-11-20T09:07:17.499Z pre_write_code: src/components/dashboard/ToolsUsageOverviewCard.tsx
2025-11-20T09:07:36.278Z pre_write_code: src/pages/dashboard.astro
2025-11-20T09:08:12.575Z pre_write_code: src/pages/dashboard.astro
2025-11-20T09:08:59.412Z pre_write_code: src/pages/en/dashboard.astro
2025-11-20T09:09:27.358Z pre_write_code: src/pages/en/dashboard.astro
2025-11-20T09:46:57.292Z pre_write_code: src/pages/dashboard.astro
2025-11-20T09:47:53.905Z pre_write_code: src/pages/en/dashboard.astro
2025-11-20T09:48:44.053Z pre_write_code: src/components/admin/dashboard/sections/UserInsightsSection.tsx
2025-11-20T09:49:24.118Z pre_write_code: src/lib/rate-limiter.d.ts
2025-11-20T13:33:57.197Z pre_write_code: src/pages/api/admin/users/set-plan.ts
2025-11-20T21:24:15.563Z pre_write_code: docs/ops/production-readiness-go-live.md
2025-11-21T05:08:56.340Z pre_write_code: docs/ops/web-eval-executor-runbook.md
2025-11-21T17:52:36.991Z pre_write_code: src/components/admin/dashboard/hooks/useAdminCredits.ts
2025-11-21T17:53:00.677Z pre_write_code: src/components/admin/dashboard/sections/UserInsightsSection.tsx
2025-11-21T17:57:46.222Z pre_write_code: tests/integration/api/admin-rate-limits-reset-smoke.test.ts
2025-11-21T18:00:23.539Z pre_write_code: src/lib/testing/web-eval/types.ts
2025-11-21T18:00:29.710Z pre_write_code: src/lib/validation/schemas/web-eval.ts
2025-11-21T18:03:10.399Z pre_write_code: src/lib/testing/web-eval/index.ts
2025-11-21T18:03:23.411Z pre_write_code: src/lib/testing/web-eval/browser-runner.ts
2025-11-21T18:11:22.792Z pre_write_code: src/lib/testing/web-eval/types.ts
2025-11-21T18:11:32.079Z pre_write_code: src/lib/validation/schemas/web-eval.ts
2025-11-21T18:11:37.540Z pre_write_code: src/pages/api/testing/evaluate/index.ts
2025-11-21T18:13:22.093Z pre_write_code: docs/ops/production-readiness-go-live.md
2025-11-21T18:38:57.514Z pre_write_code: tests/integration/api/web-eval-run.test.ts
2025-11-21T19:28:53.995Z pre_write_code: src/pages/api/testing/evaluate/index.ts
2025-11-21T21:56:04.967Z pre_write_code: src/components/tools/web-eval/WebEvalIsland.tsx
2025-11-21T21:56:08.007Z pre_write_code: src/pages/en/tools/web-eval/app.astro
2025-11-21T21:56:11.852Z pre_write_code: src/pages/de/tools/web-eval/app.astro
2025-11-22T00:04:07.498Z pre_write_code: src/components/tools/web-eval/WebEvalIsland.tsx
2025-11-22T00:12:31.982Z pre_write_code: docs/ops/web-eval-executor-runbook.md
2025-11-22T00:13:41.481Z pre_write_code: openapi.yaml
2025-11-22T00:17:02.487Z pre_write_code: docs/tools/web-eval.md
2025-11-22T00:18:47.360Z pre_write_code: src/lib/rate-limiter.d.ts
2025-11-22T00:20:19.950Z pre_write_code: src/pages/api/dashboard/billing-summary.ts
2025-11-22T00:20:35.526Z pre_write_code: src/components/dashboard/ToolsUsageOverviewCard.tsx
2025-11-22T00:20:40.447Z pre_write_code: src/pages/dashboard.astro
2025-11-22T00:21:25.230Z pre_write_code: src/pages/en/dashboard.astro
2025-11-22T00:21:48.139Z pre_write_code: tests/integration/api/dashboard/billing-summary.tools.test.ts
2025-11-22T00:22:55.938Z pre_write_code: src/pages/api/dashboard/billing-summary.ts
2025-11-22T00:23:14.950Z pre_write_code: src/lib/rate-limiter.d.ts
2025-11-22T00:23:56.763Z pre_write_code: src/components/tools/web-eval/WebEvalIsland.tsx
2025-11-22T00:27:37.462Z pre_write_code: src/types/stubs/rate-limiter.d.ts
2025-11-22T00:36:56.850Z pre_write_code: src/components/tools/web-eval/WebEvalIsland.tsx
2025-11-22T00:42:07.257Z pre_write_code: src/components/admin/dashboard/hooks/useAdminCredits.ts
2025-11-22T00:42:34.987Z pre_write_code: src/pages/api/testing/evaluate/index.ts
2025-11-22T00:43:10.542Z pre_write_code: src/pages/dashboard.astro
2025-11-22T01:02:06.012Z pre_write_code: src/pages/dashboard.astro
2025-11-22T01:44:30.733Z pre_write_code: test-suite-v2/src/e2e/admin-dashboard-smoke.spec.ts
2025-11-22T03:00:16.772Z pre_write_code: docs/ops/production-readiness-go-live.md
2025-11-22T03:25:30.450Z pre_write_code: workers/cron-worker/src/index.ts
2025-11-22T03:32:36.310Z pre_write_code: src/pages/dashboard.astro
2025-11-22T03:32:37.362Z pre_write_code: src/components/dashboard/ToolsUsageOverviewCard.tsx
2025-11-22T03:34:46.874Z pre_write_code: test-suite-v2/src/e2e/admin-dashboard-smoke.spec.ts
2025-11-22T04:14:48.847Z pre_write_code: src/pages/dashboard.astro
2025-11-22T04:15:04.300Z pre_write_code: src/pages/en/dashboard.astro
2025-11-22T06:55:11.026Z pre_write_code: src/lib/testing/web-eval/storage.ts
2025-11-22T07:36:15.513Z pre_write_code: docs/ops/web-eval-executor-runbook.md
2025-11-22T07:36:24.792Z pre_write_code: docs/ops/production-readiness-go-live.md
2025-11-22T07:36:53.462Z pre_write_code: docs/ops/web-eval-executor-runbook.md
2025-11-22T08:18:29.732Z pre_write_code: src/lib/testing/web-eval/auto-assertions.ts
2025-11-22T08:19:52.948Z pre_write_code: src/lib/testing/web-eval/auto-assertions.ts
2025-11-22T08:21:00.317Z pre_write_code: src/lib/testing/web-eval/env.ts
2025-11-22T08:21:55.196Z pre_write_code: src/pages/api/testing/evaluate/index.ts
2025-11-22T08:22:59.884Z pre_write_code: tests/unit/testing/web-eval/auto-assertions.test.ts
2025-11-22T08:23:21.895Z pre_write_code: tests/integration/api/web-eval-run.test.ts
2025-11-22T08:46:40.197Z pre_write_code: src/pages/en/tools/web-eval/app.astro
2025-11-22T08:46:41.029Z pre_write_code: src/pages/de/tools/web-eval/app.astro
2025-11-22T08:46:44.301Z pre_write_code: src/components/tools/web-eval/WebEvalIsland.tsx
2025-11-22T08:46:46.096Z pre_write_code: docs/ops/production-readiness-go-live.md
2025-11-22T10:07:52.655Z pre_write_code: src/components/pricing/PricingTable.astro
2025-11-22T10:11:41.476Z pre_write_code: src/lib/testing/web-eval/types.ts
2025-11-22T10:11:42.061Z pre_write_code: src/lib/testing/web-eval/index.ts
2025-11-22T10:11:47.522Z pre_write_code: src/lib/testing/web-eval/storage.ts
2025-11-22T10:11:51.567Z pre_write_code: src/lib/testing/web-eval/browser-runner.ts
2025-11-22T10:11:58.440Z pre_write_code: src/pages/api/testing/evaluate/next/run.ts
2025-11-22T10:12:42.522Z pre_write_code: src/lib/testing/web-eval/storage.ts
2025-11-22T10:13:12.218Z pre_write_code: src/pages/api/testing/evaluate/[id]/live.ts
2025-11-22T10:13:13.650Z pre_write_code: tests/integration/api/web-eval-run.test.ts
2025-11-22T10:13:50.603Z pre_write_code: tests/integration/api/web-eval-run.test.ts
2025-11-22T10:15:12.785Z pre_write_code: src/components/tools/web-eval/WebEvalIsland.tsx
2025-11-22T10:17:01.408Z pre_write_code: docs/tools/web-eval.md
2025-11-22T10:31:53.126Z pre_write_code: src/components/tools/web-eval/WebEvalIsland.tsx
2025-11-22T10:31:54.522Z pre_write_code: docs/tools/web-eval.md
2025-11-22T10:35:25.431Z pre_write_code: src/components/tools/web-eval/WebEvalIsland.tsx
2025-11-22T10:35:27.959Z pre_write_code: src/pages/en/tools/web-eval/app.astro
2025-11-22T10:35:30.919Z pre_write_code: src/pages/de/tools/web-eval/app.astro
2025-11-22T14:42:39.040Z pre_write_code: docs/tools/web-eval.md
2025-11-22T14:45:12.292Z pre_write_code: tests/integration/api/web-eval-run.test.ts
2025-11-22T15:13:33.397Z pre_write_code: src/lib/testing/web-eval/types.ts
2025-11-22T15:13:37.597Z pre_write_code: src/lib/validation/schemas/web-eval.ts
2025-11-22T15:15:36.448Z pre_write_code: src/lib/testing/web-eval/browser-runner.ts
2025-11-22T15:18:08.706Z pre_write_code: src/components/tools/web-eval/WebEvalIsland.tsx
2025-11-22T15:18:11.674Z pre_write_code: src/pages/en/tools/web-eval/app.astro
2025-11-22T15:18:13.895Z pre_write_code: src/pages/de/tools/web-eval/app.astro
2025-11-22T15:18:17.695Z pre_write_code: tests/integration/api/web-eval-run.test.ts
2025-11-22T15:19:46.082Z pre_write_code: docs/tools/web-eval.md
2025-11-22T15:22:28.908Z pre_write_code: src/components/tools/web-eval/WebEvalIsland.tsx
2025-11-22T15:22:40.603Z pre_write_code: src/pages/en/tools/web-eval/app.astro
2025-11-22T15:22:45.373Z pre_write_code: src/pages/de/tools/web-eval/app.astro
2025-11-22T15:23:55.109Z pre_write_code: tests/integration/api/web-eval-run.test.ts
2025-11-22T15:25:40.637Z pre_write_code: src/lib/testing/web-eval/types.ts
2025-11-22T15:25:46.026Z pre_write_code: src/lib/testing/web-eval/browser-runner.ts
2025-11-22T15:25:50.624Z pre_write_code: src/pages/api/testing/evaluate/next/run.ts
2025-11-22T15:25:52.456Z pre_write_code: src/components/tools/web-eval/WebEvalIsland.tsx
2025-11-22T22:26:13.773Z pre_write_code: src/pages/api/testing/evaluate/next/run.ts
2025-11-22T22:28:35.107Z pre_write_code: src/pages/api/testing/evaluate/next/run.ts
2025-11-22T22:44:20.962Z pre_write_code: src/components/tools/web-eval/WebEvalIsland1.tsx
2025-11-22T23:31:38.540Z pre_write_code: docs/tools/web-eval.md
2025-11-22T23:32:03.436Z pre_write_code: src/components/tools/web-eval/WebEvalIsland.tsx
2025-11-23T00:27:05.212Z pre_write_code: src/lib/testing/web-eval/browser-runner.ts
2025-11-23T00:37:40.028Z pre_write_code: src/components/tools/web-eval/WebEvalIsland.tsx
2025-11-23T00:37:42.905Z pre_write_code: src/pages/en/tools/web-eval/app.astro
2025-11-23T00:37:47.264Z pre_write_code: src/pages/de/tools/web-eval/app.astro
2025-11-23T00:37:52.476Z pre_write_code: docs/tools/web-eval.md
2025-11-23T00:45:34.419Z pre_write_code: src/lib/testing/web-eval/browser-runner.ts
2025-11-23T00:47:14.319Z pre_write_code: docs/ops/web-eval-executor-runbook.md
2025-11-23T00:47:17.362Z pre_write_code: docs/testing/web-eval-executor.md
2025-11-23T01:24:02.350Z pre_write_code: src/pages/api/testing/evaluate/index.ts
2025-11-23T01:29:44.041Z pre_write_code: tests/unit/testing/web-eval/ssrf.test.ts
2025-11-23T01:29:54.275Z pre_write_code: docs/ops/runbook-auth.md
2025-11-23T04:18:29.834Z pre_write_code: docs/ops/production-readiness-go-live.md
2025-11-23T05:04:43.609Z pre_write_code: src/lib/testing/web-eval/types.ts
2025-11-23T05:05:07.065Z pre_write_code: src/pages/api/testing/evaluate/[id]/complete.ts
2025-11-23T05:05:17.240Z pre_write_code: src/pages/api/testing/evaluate/next/run.ts
2025-11-23T05:22:38.554Z pre_write_code: src/pages/api/testing/evaluate/[id]/abort.ts
2025-11-23T05:22:56.654Z pre_write_code: tests/integration/api/web-eval-abort.test.ts
2025-11-23T05:24:08.332Z pre_write_code: src/pages/api/testing/evaluate/[id]/abort.ts
2025-11-23T05:24:42.747Z pre_write_code: tests/integration/api/web-eval-abort.test.ts
2025-11-23T05:54:34.391Z pre_write_code: src/components/tools/web-eval/WebEvalIsland.tsx
2025-11-23T05:55:19.425Z pre_write_code: src/components/tools/web-eval/WebEvalIsland.tsx
2025-11-23T05:55:31.103Z pre_write_code: src/pages/en/tools/web-eval/app.astro
2025-11-23T05:55:39.073Z pre_write_code: src/pages/de/tools/web-eval/app.astro
2025-11-23T06:24:03.535Z pre_write_code: docs/tools/web-eval.md
2025-11-23T06:24:10.920Z pre_write_code: docs/ops/web-eval-executor-runbook.md
2025-11-23T06:25:32.208Z pre_write_code: src/env.d.ts
2025-11-23T06:25:39.243Z pre_write_code: src/lib/validation/voice-mime-sniffer.ts
2025-11-23T06:25:58.623Z pre_write_code: src/lib/services/voice-transcribe-service.ts
2025-11-23T06:26:06.544Z pre_write_code: tests/unit/voice/voice-mime-sniffer.test.ts
2025-11-23T06:26:31.098Z pre_write_code: src/lib/services/voice-transcribe-service.ts
2025-11-23T06:26:38.718Z pre_write_code: src/pages/api/voice/transcribe.ts
2025-11-23T06:34:13.051Z pre_write_code: docs/ops/production-readiness-go-live.md
2025-11-23T06:34:31.296Z pre_write_code: tests/integration/api/voice-transcribe.test.ts
2025-11-23T06:35:24.189Z pre_write_code: src/components/admin/dashboard/hooks/useAdminStatus.ts
2025-11-23T06:35:40.683Z pre_write_code: test-suite-v2/src/e2e/admin-dashboard-smoke.spec.ts
2025-11-23T06:36:15.837Z pre_write_code: src/components/admin/dashboard/sections/AuditMonitoringSection.tsx
2025-11-23T06:37:25.346Z pre_write_code: src/components/admin/dashboard/sections/AuditMonitoringSection.tsx
2025-11-23T07:14:54.888Z pre_write_code: src/lib/validation/schemas/admin.ts
2025-11-23T07:15:01.332Z pre_write_code: src/lib/testing/web-eval/storage.ts
2025-11-23T07:19:40.374Z pre_write_code: src/lib/testing/web-eval/storage.ts
2025-11-23T07:22:44.483Z pre_write_code: src/pages/api/admin/web-eval/tasks/index.ts
2025-11-23T07:22:58.485Z pre_write_code: src/pages/api/admin/web-eval/tasks/[id].ts
2025-11-23T07:29:02.221Z pre_write_code: tests/integration/api/admin-web-eval-tasks.test.ts
2025-11-23T07:36:15.646Z pre_write_code: openapi.yaml
2025-11-23T07:36:47.664Z pre_write_code: openapi.yaml
2025-11-23T07:39:41.502Z pre_write_code: tests/unit/services/webscraper-service.test.ts
2025-11-23T07:40:15.775Z pre_write_code: src/components/tools/shared/ToolUsageBadge.tsx
2025-11-23T07:41:08.884Z pre_write_code: src/components/tools/shared/ToolUsageBadge.tsx
2025-11-23T07:41:20.041Z pre_write_code: src/components/tools/imag-enhancer/HeaderBar.tsx
2025-11-23T07:41:30.446Z pre_write_code: src/components/tools/ImagEnhancerIsland.tsx
2025-11-23T07:43:15.577Z pre_write_code: docs/ops/production-readiness-go-live.md
2025-11-23T07:51:05.973Z pre_write_code: src/components/tools/imag-enhancer/mvp/ImagEnhancerMVP.tsx
2025-11-23T07:51:11.601Z pre_write_code: src/components/tools/imag-enhancer/mvp/EnhancerActionsMVP.tsx
2025-11-23T07:58:56.366Z pre_write_code: src/components/admin/dashboard/sections/AdminToolsSection.tsx
2025-11-23T07:59:02.167Z pre_write_code: src/lib/i18n-admin.ts
2025-11-23T07:59:19.908Z pre_write_code: src/locales/admin.de.json
2025-11-23T07:59:36.608Z pre_write_code: src/locales/admin.en.json
2025-11-23T07:59:49.405Z pre_write_code: src/components/admin/dashboard/AdminDashboardApp.tsx
2025-11-23T08:14:19.377Z pre_write_code: src/components/tools/shared/ToolUsageBadge.tsx
2025-11-23T08:14:38.104Z pre_write_code: src/components/tools/imag-enhancer/mvp/EnhancerActionsMVP.tsx
2025-11-23T08:19:01.534Z pre_write_code: src/lib/admin/api-client.ts
2025-11-23T08:19:05.295Z pre_write_code: src/lib/i18n-admin.ts
2025-11-23T08:19:18.196Z pre_write_code: src/locales/admin.de.json
2025-11-23T08:19:30.180Z pre_write_code: src/locales/admin.en.json
2025-11-23T08:20:48.394Z pre_write_code: src/components/admin/web-eval/AdminWebEvalTasksApp.tsx
2025-11-23T08:21:03.355Z pre_write_code: src/pages/admin/web-eval/tasks.astro
2025-11-23T08:22:20.892Z pre_write_code: src/lib/admin/api-client.ts
2025-11-23T14:09:49.786Z pre_write_code: src/lib/admin/api-client.ts
2025-11-23T14:24:39.921Z pre_write_code: src/components/tools/shared/ToolUsageBadge.tsx
2025-11-23T14:24:40.161Z pre_write_code: src/components/tools/imag-enhancer/mvp/EnhancerActionsMVP.tsx
2025-11-23T14:24:40.477Z pre_write_code: src/locales/en.json
2025-11-23T14:24:41.199Z pre_write_code: src/locales/de.json
2025-11-23T14:26:38.203Z pre_write_code: src/components/tools/web-eval/WebEvalIsland.tsx
2025-11-23T14:27:28.895Z pre_write_code: src/components/tools/web-eval/WebEvalIsland.tsx
2025-11-23T14:28:11.529Z pre_write_code: src/components/tools/web-eval/WebEvalIsland.tsx
2025-11-23T14:35:54.249Z pre_write_code: src/components/tools/shared/ToolUsageBadge.tsx
2025-11-23T14:40:40.212Z pre_write_code: src/components/tools/imag-enhancer/mvp/SimpleResult.tsx
2025-11-23T14:40:43.062Z pre_write_code: src/components/tools/imag-enhancer/mvp/ImagEnhancerMVP.tsx
2025-11-23T14:43:56.957Z pre_write_code: src/components/tools/video-enhancer/VideoEnhancerIsland.tsx
2025-11-23T14:52:02.128Z pre_write_code: src/components/tools/video-enhancer/VideoEnhancerIsland.tsx
2025-11-23T15:02:10.760Z pre_write_code: src/components/tools/web-eval/WebEvalIsland.tsx
2025-11-23T15:08:59.678Z pre_write_code: src/components/tools/web-eval/WebEvalIsland.tsx
2025-11-23T15:18:07.193Z pre_write_code: src/components/tools/shared/ToolUsageBadge.tsx
2025-11-23T15:18:37.668Z pre_write_code: src/components/tools/web-eval/WebEvalIsland.tsx
2025-11-23T15:28:46.714Z pre_write_code: src/components/tools/imag-enhancer/mvp/EnhancerActionsMVP.tsx
2025-11-23T15:28:49.877Z pre_write_code: src/components/tools/imag-enhancer/mvp/SimpleResult.tsx
2025-11-23T15:28:53.394Z pre_write_code: src/components/tools/video-enhancer/VideoEnhancerIsland.tsx
2025-11-23T15:29:12.173Z pre_write_code: src/components/tools/video-enhancer/VideoEnhancerIsland.tsx
2025-11-23T15:37:51.032Z pre_write_code: src/components/tools/imag-enhancer/types.ts
2025-11-23T15:38:15.597Z pre_write_code: src/components/tools/imag-enhancer/types.ts
2025-11-23T17:09:23.196Z pre_write_code: src/pages/api/ai-image/usage.ts
2025-11-23T17:10:42.309Z pre_write_code: src/components/tools/imag-enhancer/hooks/useUsage.ts
2025-11-23T17:10:43.251Z pre_write_code: src/components/tools/imag-enhancer/mvp/types.ts
2025-11-23T17:10:45.263Z pre_write_code: src/pages/tools/imag-enhancer/app.astro
2025-11-23T17:12:41.137Z pre_write_code: src/components/tools/imag-enhancer/mvp/EnhancerActionsMVP.tsx
2025-11-23T17:12:45.951Z pre_write_code: src/components/tools/imag-enhancer/mvp/SimpleResult.tsx
2025-11-23T17:12:52.766Z pre_write_code: src/components/tools/imag-enhancer/mvp/ImagEnhancerMVP.tsx
2025-11-23T17:13:18.940Z pre_write_code: src/locales/en.json
2025-11-23T17:13:20.763Z pre_write_code: src/locales/de.json
2025-11-23T17:44:28.554Z pre_write_code: src/components/tools/shared/ToolUsageBadge.tsx
2025-11-23T17:45:07.587Z pre_write_code: src/components/tools/shared/ToolUsageBadge.tsx
2025-11-23T17:45:37.497Z pre_write_code: src/components/tools/shared/ToolUsageBadge.tsx
2025-11-23T17:59:04.922Z pre_write_code: src/components/tools/shared/ToolUsageBadge.tsx
2025-11-23T17:59:05.312Z pre_write_code: src/components/tools/imag-enhancer/mvp/types.ts
2025-11-23T17:59:06.402Z pre_write_code: src/pages/tools/imag-enhancer/app.astro
2025-11-23T17:59:08.288Z pre_write_code: src/components/tools/imag-enhancer/mvp/EnhancerActionsMVP.tsx
2025-11-23T17:59:09.742Z pre_write_code: src/components/tools/imag-enhancer/mvp/SimpleResult.tsx
2025-11-23T17:59:13.320Z pre_write_code: src/locales/en.json
2025-11-23T17:59:15.874Z pre_write_code: src/locales/de.json
2025-11-23T18:03:16.436Z pre_write_code: src/components/tools/shared/ToolUsageBadge.tsx
2025-11-23T18:03:32.346Z pre_write_code: src/components/tools/imag-enhancer/mvp/EnhancerActionsMVP.tsx
2025-11-23T18:03:34.768Z pre_write_code: src/components/tools/imag-enhancer/mvp/SimpleResult.tsx
2025-11-23T18:03:58.968Z pre_write_code: src/components/tools/imag-enhancer/mvp/EnhancerActionsMVP.tsx
2025-11-23T18:04:00.584Z pre_write_code: src/components/tools/imag-enhancer/mvp/SimpleResult.tsx
2025-11-23T18:08:44.334Z pre_write_code: src/components/tools/shared/ToolUsageBadge.tsx
2025-11-23T18:08:44.960Z pre_write_code: src/components/tools/imag-enhancer/mvp/types.ts
2025-11-23T18:08:46.773Z pre_write_code: src/pages/tools/imag-enhancer/app.astro
2025-11-23T18:08:50.986Z pre_write_code: src/components/tools/imag-enhancer/mvp/EnhancerActionsMVP.tsx
2025-11-23T18:08:54.616Z pre_write_code: src/components/tools/imag-enhancer/mvp/SimpleResult.tsx
2025-11-23T18:08:56.064Z pre_write_code: src/locales/en.json
2025-11-23T18:09:01.496Z pre_write_code: src/locales/de.json
2025-11-23T18:13:48.500Z pre_write_code: src/lib/testing/web-eval/types.ts
2025-11-23T18:14:15.306Z pre_write_code: src/components/tools/shared/ToolUsageBadge.tsx
2025-11-23T18:14:48.548Z pre_write_code: src/lib/validation/schemas/web-eval.ts
2025-11-23T18:14:57.133Z pre_write_code: src/lib/testing/web-eval/browser-runner.ts
2025-11-23T18:15:03.339Z pre_write_code: src/pages/api/testing/evaluate/next/run.ts
2025-11-23T18:15:10.164Z pre_write_code: src/lib/admin/api-client.ts
2025-11-23T18:15:24.545Z pre_write_code: src/components/tools/web-eval/WebEvalIsland.tsx
2025-11-23T18:19:38.380Z pre_write_code: src/components/tools/shared/ToolUsageBadge.tsx
2025-11-23T19:55:50.920Z pre_write_code: src/locales/en.json
2025-11-23T19:55:55.896Z pre_write_code: src/locales/de.json
2025-11-23T19:59:53.728Z pre_write_code: src/components/tools/shared/ToolUsageBadge.tsx
2025-11-23T20:10:17.691Z pre_write_code: src/components/tools/shared/ToolUsageBadge.tsx
2025-11-23T20:14:46.908Z pre_write_code: src/components/tools/shared/ToolUsageBadge.tsx
2025-11-23T22:41:31.916Z pre_write_code: src/components/tools/shared/ToolUsageBadge.tsx
2025-11-23T23:02:18.657Z pre_write_code: src/components/tools/imag-enhancer/mvp/EnhancerActionsMVP.tsx
2025-11-23T23:02:26.320Z pre_write_code: src/components/tools/imag-enhancer/mvp/SimpleResult.tsx
2025-11-23T23:17:43.889Z pre_write_code: src/components/tools/shared/ToolUsageBadge.tsx
2025-11-24T18:07:27.614Z pre_write_code: src/components/tools/shared/ToolUsageBadge.tsx
2025-11-24T18:13:56.594Z pre_write_code: src/components/tools/shared/ToolUsageBadge.tsx
2025-11-24T18:39:51.118Z pre_write_code: src/components/tools/prompt-enhancer/EnhancerForm.tsx
2025-11-24T18:41:52.832Z pre_write_code: src/components/tools/webscraper/WebscraperIsland.tsx
2025-11-24T18:43:49.588Z pre_write_code: src/components/tools/voice-visualizer/VoiceVisualizerIsland.tsx
2025-11-24T22:02:02.758Z pre_write_code: src/lib/testing/web-eval/types.ts
2025-11-24T22:02:38.155Z pre_write_code: src/pages/en/tools/imag-enhancer/app.astro
2025-11-24T22:03:07.153Z pre_write_code: src/components/tools/imag-enhancer/mvp/__tests__/SimpleResult.test.tsx
2025-11-24T22:11:09.737Z pre_write_code: src/components/tools/voice-visualizer/VoiceVisualizerIsland.tsx
2025-11-24T22:23:23.262Z pre_write_code: src/lib/testing/web-eval/browser-runner.ts
2025-11-24T22:38:31.387Z pre_write_code: src/config/prompt/entitlements.ts
2025-11-24T22:47:48.863Z pre_write_code: src/components/tools/prompt-enhancer/types.ts
2025-11-24T22:49:24.287Z pre_write_code: src/pages/api/prompt/usage.ts
2025-11-24T22:54:11.619Z pre_write_code: src/components/tools/prompt-enhancer/hooks/useUsage.ts
2025-11-24T22:54:55.115Z pre_write_code: src/components/tools/prompt-enhancer/EnhancerForm.tsx
2025-11-24T22:55:19.138Z pre_write_code: src/components/tools/prompt-enhancer/EnhancerForm.tsx
2025-11-24T22:56:18.600Z pre_write_code: src/components/tools/prompt-enhancer/EnhancerForm.tsx
2025-11-24T23:01:43.290Z pre_write_code: src/pages/api/testing/evaluate/usage.ts
2025-11-24T23:02:40.745Z pre_write_code: src/components/tools/web-eval/WebEvalIsland.tsx
2025-11-24T23:06:21.953Z pre_write_code: src/components/tools/web-eval/WebEvalIsland.tsx
2025-11-24T23:13:32.231Z pre_write_code: src/config/webscraper/entitlements.ts
2025-11-24T23:13:44.960Z pre_write_code: src/pages/api/webscraper/usage.ts
2025-11-24T23:18:50.557Z pre_write_code: src/config/voice/entitlements.ts
2025-11-24T23:19:09.940Z pre_write_code: src/pages/api/voice/usage.ts
2025-11-24T23:20:01.649Z pre_write_code: src/config/voice/entitlements.ts
2025-11-24T23:20:11.366Z pre_write_code: src/components/tools/voice-visualizer/api.ts
2025-11-24T23:20:44.108Z pre_write_code: src/components/tools/voice-visualizer/VoiceVisualizerIsland.tsx
2025-11-24T23:22:08.442Z pre_write_code: src/components/tools/voice-visualizer/VoiceVisualizerIsland.tsx
2025-11-24T23:27:33.343Z pre_write_code: src/pages/api/ai-video/usage.ts
2025-11-24T23:29:14.157Z pre_write_code: src/components/tools/video-enhancer/useVideoUsage.ts
2025-11-24T23:29:26.153Z pre_write_code: src/components/tools/video-enhancer/VideoEnhancerIsland.tsx
2025-11-24T23:35:29.200Z pre_write_code: src/components/tools/voice-visualizer/VoiceVisualizerIsland.tsx
2025-11-25T01:21:55.214Z pre_write_code: src/components/pricing/PricingDetailsProvider.tsx
2025-11-25T01:23:02.760Z pre_write_code: src/components/pricing/PricingDetailsProvider.tsx
2025-11-25T01:39:11.360Z pre_write_code: src/locales/en.json
2025-11-25T01:45:50.815Z pre_write_code: src/locales/en.json
2025-11-25T01:47:23.297Z pre_write_code: src/lib/services/comment-service-extended.ts
2025-11-25T01:48:49.145Z pre_write_code: src/lib/services/comment-service-extended.ts
2025-11-25T01:49:16.327Z pre_write_code: src/lib/services/comment-service-extended.ts
2025-11-25T01:50:19.092Z pre_write_code: src/locales/en.json
2025-11-25T01:50:47.909Z pre_write_code: src/lib/services/comment-service.ts
2025-11-25T01:51:01.365Z pre_write_code: src/lib/services/notification-service.ts
2025-11-25T01:51:04.570Z pre_write_code: src/lib/services/referral-event-service.ts
2025-11-25T01:51:07.006Z pre_write_code: src/lib/services/referral-reward-service.ts
2025-11-25T01:51:56.895Z pre_write_code: src/lib/services/comment-service.ts
2025-11-25T01:53:36.452Z pre_write_code: src/lib/services/notification-service.ts
2025-11-25T01:53:38.341Z pre_write_code: src/lib/services/referral-event-service.ts
2025-11-25T02:08:47.775Z pre_write_code: src/lib/services/ai-image-service.ts
2025-11-25T02:08:48.326Z pre_write_code: src/lib/kv/usage.test.ts
2025-11-25T02:08:57.517Z pre_write_code: src/components/tools/imag-enhancer/mvp/__tests__/EnhancerActionsMVP.test.tsx
2025-11-25T02:09:00.769Z pre_write_code: src/components/tools/imag-enhancer/mvp/__tests__/SimpleResult.test.tsx
2025-11-25T02:09:08.533Z pre_write_code: src/components/tools/imag-enhancer/mvp/__tests__/useUploadMVP.test.tsx
2025-11-25T02:09:11.477Z pre_write_code: src/components/AosWrapper.astro
2025-11-25T02:09:16.834Z pre_write_code: src/components/BlogPost.astro
2025-11-25T02:14:53.839Z pre_write_code: src/locales/en.json
2025-11-25T02:16:03.537Z pre_write_code: src/locales/de.json
2025-11-25T02:57:26.068Z pre_write_code: src/locales/en.json
2025-11-25T02:57:32.278Z pre_write_code: src/locales/en.json
2025-11-25T02:59:21.890Z pre_write_code: src/locales/en.json
2025-11-25T02:59:28.951Z pre_write_code: src/locales/en.json
2025-11-25T02:59:47.959Z pre_write_code: src/locales/en.json
2025-11-25T02:59:53.059Z pre_write_code: src/locales/en.json
2025-11-25T03:00:12.646Z pre_write_code: src/locales/en.json
2025-11-25T03:01:02.307Z pre_write_code: src/locales/en.json
2025-11-25T03:01:27.176Z pre_write_code: src/locales/en.json
2025-11-25T03:02:44.016Z pre_write_code: src/locales/en.json
2025-11-25T03:06:58.215Z pre_write_code: openapi.yaml
2025-11-25T03:07:11.955Z pre_write_code: openapi.yaml
2025-11-25T03:07:20.577Z pre_write_code: openapi.yaml
2025-11-25T03:07:31.041Z pre_write_code: openapi.yaml
2025-11-25T03:07:43.690Z pre_write_code: docs/api/openapi.yaml
2025-11-25T03:07:54.457Z pre_write_code: docs/ops/production-readiness-go-live.md
2025-11-25T03:08:05.962Z pre_write_code: docs/ops/production-readiness-go-live.md
2025-11-25T03:09:54.280Z pre_write_code: docs/ops/production-readiness-go-live.md
2025-11-25T03:09:57.545Z pre_write_code: docs/ops/production-readiness-go-live.md
