[eslint:fix] $ npx eslint 'src/**/*.{ts,astro}' --fix --cache --cache-location .cache/eslint

/Users/lucas/Downloads/EvolutionHub_Bundle_v1.7_full/evolution-hub/src/components/dashboard/AccountSettingsSection.astro
  327:45  error  'App' is not defined  no-undef

/Users/lucas/Downloads/EvolutionHub_Bundle_v1.7_full/evolution-hub/src/pages/admin/comments.astro
  68:12  warning  'e' is defined but never used. Allowed unused caught errors must match /^_/u  @typescript-eslint/no-unused-vars

/Users/lucas/Downloads/EvolutionHub_Bundle_v1.7_full/evolution-hub/src/pages/admin/status.astro
   41:12  warning  'e' is defined but never used. Allowed unused caught errors must match /^_/u  @typescript-eslint/no-unused-vars
  117:63  warning  Unexpected any. Specify a different type                                      @typescript-eslint/no-explicit-any

/Users/lucas/Downloads/EvolutionHub_Bundle_v1.7_full/evolution-hub/src/pages/dashboard.astro
  16:32  warning  Unexpected any. Specify a different type  @typescript-eslint/no-explicit-any
  39:64  warning  Unexpected any. Specify a different type  @typescript-eslint/no-explicit-any

/Users/lucas/Downloads/EvolutionHub_Bundle_v1.7_full/evolution-hub/src/pages/en/dashboard.astro
  14:32  warning  Unexpected any. Specify a different type  @typescript-eslint/no-explicit-any

/Users/lucas/Downloads/EvolutionHub_Bundle_v1.7_full/evolution-hub/src/pages/en/tools/imag-enhancer/app.astro
  130:47  warning  Unexpected any. Specify a different type  @typescript-eslint/no-explicit-any

/Users/lucas/Downloads/EvolutionHub_Bundle_v1.7_full/evolution-hub/src/pages/faq.astro
  38:72  warning  Unexpected any. Specify a different type  @typescript-eslint/no-explicit-any

/Users/lucas/Downloads/EvolutionHub_Bundle_v1.7_full/evolution-hub/src/pages/tools/imag-enhancer/app.astro
  143:47  warning  Unexpected any. Specify a different type  @typescript-eslint/no-explicit-any

✖ 10 problems (1 error, 9 warnings)

[eslint:fix] $ npx eslint 'src/**/*.{ts,astro}' --fix --cache --cache-location .cache/eslint

/Users/lucas/Downloads/EvolutionHub_Bundle_v1.7_full/evolution-hub/src/components/dashboard/AccountSettingsSection.astro
  327:45  error  'App' is not defined  no-undef

/Users/lucas/Downloads/EvolutionHub_Bundle_v1.7_full/evolution-hub/src/pages/admin/comments.astro
  68:12  warning  'e' is defined but never used. Allowed unused caught errors must match /^_/u  @typescript-eslint/no-unused-vars

/Users/lucas/Downloads/EvolutionHub_Bundle_v1.7_full/evolution-hub/src/pages/admin/status.astro
   41:12  warning  'e' is defined but never used. Allowed unused caught errors must match /^_/u  @typescript-eslint/no-unused-vars
  117:63  warning  Unexpected any. Specify a different type                                      @typescript-eslint/no-explicit-any

/Users/lucas/Downloads/EvolutionHub_Bundle_v1.7_full/evolution-hub/src/pages/dashboard.astro
  16:32  error  'App' is not defined  no-undef

/Users/lucas/Downloads/EvolutionHub_Bundle_v1.7_full/evolution-hub/src/pages/en/dashboard.astro
  14:32  error  'App' is not defined  no-undef

/Users/lucas/Downloads/EvolutionHub_Bundle_v1.7_full/evolution-hub/src/pages/en/tools/imag-enhancer/app.astro
  130:43  error  'App' is not defined  no-undef

/Users/lucas/Downloads/EvolutionHub_Bundle_v1.7_full/evolution-hub/src/pages/tools/imag-enhancer/app.astro
  143:43  error  'App' is not defined  no-undef

✖ 8 problems (5 errors, 3 warnings)

[eslint:fix] $ npx eslint 'src/**/*.{ts,astro}' --fix --cache --cache-location .cache/eslint

/Users/lucas/Downloads/EvolutionHub_Bundle_v1.7_full/evolution-hub/src/pages/admin/status.astro
  41:12  warning  'e' is defined but never used. Allowed unused caught errors must match /^_/u  @typescript-eslint/no-unused-vars

/Users/lucas/Downloads/EvolutionHub_Bundle_v1.7_full/evolution-hub/src/pages/tools/imag-enhancer/app.astro
  143:43  error  'App' is not defined  no-undef

✖ 2 problems (1 error, 1 warning)

[eslint:fix] $ npx eslint 'src/**/*.{ts,astro}' --fix --cache --cache-location .cache/eslint

/Users/lucas/Downloads/EvolutionHub_Bundle_v1.7_full/evolution-hub/src/pages/admin/status.astro
  41:12  warning  'e' is defined but never used. Allowed unused caught errors must match /^_/u  @typescript-eslint/no-unused-vars

/Users/lucas/Downloads/EvolutionHub_Bundle_v1.7_full/evolution-hub/src/pages/tools/imag-enhancer/app.astro
  143:43  error  'App' is not defined  no-undef

✖ 2 problems (1 error, 1 warning)

[eslint:fix] $ npx eslint 'src/**/*.{ts,astro}' --fix --cache --cache-location .cache/eslint

/Users/lucas/Downloads/EvolutionHub_Bundle_v1.7_full/evolution-hub/src/pages/tools/imag-enhancer/app.astro
  143:43  error  'App' is not defined  no-undef

✖ 1 problem (1 error, 0 warnings)

[eslint:fix] $ npx eslint 'src/**/*.{ts,astro}' --fix --cache --cache-location .cache/eslint

/Users/lucas/Downloads/EvolutionHub_Bundle_v1.7_full/evolution-hub/src/pages/api/testing/evaluate/next/run.ts
  351:14  warning  'e' is defined but never used. Allowed unused caught errors must match /^_/u  @typescript-eslint/no-unused-vars

✖ 1 problem (0 errors, 1 warning)

[eslint:fix] $ npx eslint 'src/**/*.{ts,astro}' --fix --cache --cache-location .cache/eslint

/Users/lucas/Downloads/EvolutionHub_Bundle_v1.7_full/evolution-hub/src/pages/api/testing/evaluate/next/run.ts
  351:14  warning  'e' is defined but never used. Allowed unused caught errors must match /^_/u  @typescript-eslint/no-unused-vars

✖ 1 problem (0 errors, 1 warning)

[eslint:fix] $ npx eslint 'src/**/*.{ts,astro}' --fix --cache --cache-location .cache/eslint
[eslint:fix] $ npx eslint 'src/**/*.{ts,astro}' --fix --cache --cache-location .cache/eslint
[eslint:fix] $ npx eslint 'src/**/*.{ts,astro}' --fix --cache --cache-location .cache/eslint
