[docs:links] $ npm run docs:links

> evolution-hub@0.0.1 docs:links
> node ./scripts/doc-links.mjs

[doc-links] Broken relative documentation links detected:
 - docs/README.md -> ./features/blog-system.md
 - docs/README.md -> ./features/comment-system.md
 - docs/content.md -> ./features/blog-system.md
 - docs/feature-roadmap.md -> ./features/comment-system.md
 - docs/tools/image-enhancer.md -> ../architecture/api-middleware.md
 - docs/tools/image-enhancer.md -> ../architecture/entitlements.md
 - docs/tools/image-enhancer.md -> ../infrastructure/cloudflare-r2.md
 - docs/tools/webscraper/README.md -> ./webscraper-overview.md
 - docs/tools/webscraper/README.md -> ./api.md
 - docs/tools/webscraper/README.md -> ./configuration.md
 - docs/tools/webscraper/README.md -> ./usage-examples.md
 - docs/tools/webscraper/README.md -> ./rate-limiting.md
 - docs/tools/webscraper/README.md -> ./security.md
 - docs/tools/webscraper/README.md -> ./setup.md
 - docs/tools/webscraper/README.md -> ./dependencies.md
 - docs/tools/webscraper/README.md -> ./auth.md
 - docs/tools/webscraper/README.md -> ./frontend.md
 - docs/tools/webscraper/README.md -> ./backend.md
 - docs/tools/webscraper/README.md -> ../api/
 - docs/tools/webscraper/README.md -> ../security/
 - docs/tools/webscraper/README.md -> ../development/
 - docs/testing/README.md -> ./test-setup.md
 - docs/testing/README.md -> ./mocking-guidelines.md
 - docs/security/README.md -> ./security-overview.md
 - docs/security/README.md -> ./rate-limiting.md
 - docs/security/README.md -> ./security-headers.md
 - docs/security/README.md -> ./auth-security.md
 - docs/security/README.md -> ./api-security.md
 - docs/security/README.md -> ./input-validation.md
 - docs/security/README.md -> ./audit-logging.md
 - docs/security/README.md -> ./middleware-security.md
 - docs/security/README.md -> ./csrf-protection.md
 - docs/security/README.md -> ./cors-configuration.md
 - docs/security/README.md -> ./csp.md
 - docs/security/README.md -> ./permissions-policy.md
 - docs/security/README.md -> ./hsts.md
 - docs/security/README.md -> ./rate-limiter-presets.md
 - docs/security/README.md -> ./api-rate-limiting.md
 - docs/security/README.md -> ./auth-rate-limiting.md
 - docs/security/README.md -> ./standard-headers.md
 - docs/security/README.md -> ./csp-headers.md
 - docs/security/README.md -> ./hsts-headers.md
 - docs/ops/README.md -> ./deployment.md
 - docs/ops/README.md -> ./cloudflare-setup.md
 - docs/ops/README.md -> ./stytch-integration.md
 - docs/ops/README.md -> ./third-party-services.md
 - docs/ops/README.md -> ./backup-recovery.md
 - docs/ops/README.md -> ./stytch-custom-domains.md
 - docs/ops/README.md -> ./stytch-oauth.md
 - docs/ops/README.md -> ./stytch-magic-link.md
 - docs/ops/README.md -> ./environment-management.md
 - docs/ops/README.md -> ./secrets-management.md
 - docs/ops/README.md -> ./cron-jobs.md
 - docs/lead-magnets/README.md -> ./content-strategy.md
 - docs/lead-magnets/README.md -> ./lead-magnet-creation.md
 - docs/lead-magnets/README.md -> ./blog-guidelines.md
 - docs/lead-magnets/README.md -> ./newsletter-setup.md
 - docs/lead-magnets/README.md -> ./seo-optimization.md
 - docs/lead-magnets/README.md -> ./analytics.md
 - docs/lead-magnets/README.md -> ./blog-categories.md
 - docs/lead-magnets/README.md -> ./writing-guidelines.md
 - docs/lead-magnets/README.md -> ./image-guidelines.md
 - docs/lead-magnets/README.md -> ./ebook-creation.md
 - docs/lead-magnets/README.md -> ./template-library.md
 - docs/lead-magnets/README.md -> ./distribution.md
 - docs/frontend/README.md -> ./animation-system.md
 - docs/frontend/README.md -> ./responsive-design.md
 - docs/frontend/README.md -> ./a11y-guidelines.md
 - docs/frontend/README.md -> ./imag-enhancer-ui.md
 - docs/frontend/README.md -> ./auth-components.md
 - docs/frontend/README.md -> ./dashboard-components.md
 - docs/frontend/README.md -> ./animation-system.md#aos
 - docs/frontend/README.md -> ./animation-system.md#header
 - docs/frontend/README.md -> ./animation-system.md#lottie
 - docs/frontend/README.md -> ./landing-page-animations.md
 - docs/features/admin-notifications.md -> ../development/comment-system-implementation.md
 - docs/development/README.md -> ./auth-flow-audit-phase1.md
 - docs/development/README.md -> ./dashboard-apis.md
 - docs/development/README.md -> ./dashboard-components.md
 - docs/development/README.md -> ./auth-flow-audit-phase1.md
 - docs/development/testing-guidelines.md -> header, message, data|undefined
 - docs/development/testing-guidelines.md -> header, message, [extra], data|undefined
 - docs/archive/README.md -> ./migration-overview.md
 - docs/archive/README.md -> ./deprecated-features.md
 - docs/archive/README.md -> ./historical-decisions.md
 - docs/archive/README.md -> ./legacy-docs.md
 - docs/archive/README.md -> ./obsolete-processes.md
 - docs/architecture/database-schema.md -> ../../features/comment-system.md
 - docs/architecture/database-schema.md -> ../../development/comment-system-implementation.md
 - docs/architecture/database-schema.md -> ../../features/blog-system.md
 - docs/api/README.md -> ./prompt-usage.md
 - docs/api/README.md -> ./ai-image-generate.md
 - docs/api/README.md -> ./ai-image-jobs.md
 - docs/api/README.md -> ./ai-image-cancel.md
 - docs/api/README.md -> ./versioning.md
 - docs/api/README.md -> ./webhooks.md
 - docs/api/README.md -> ./curl-examples.md
 - docs/api/README.md -> ./integration-tests.md
 - docs/api/api-guidelines.md -> ../../architecture/
 - docs/api/api-guidelines.md -> ../../development/
 - docs/api/api-guidelines.md -> ../../security/
 - docs/api/api-guidelines.md -> ../../testing/
 - docs/api/api-overview.md -> ./curl-examples.md
 - docs/api/api-overview.md -> ./integration-tests.md
 - docs/api/api-overview.md -> ../../architecture/
 - docs/api/api-overview.md -> ../../development/
 - docs/api/api-overview.md -> ../../security/
 - docs/api/api-overview.md -> ../../testing/
 - docs/api/comments_api.md -> url
 - docs/api/error-handling.md -> ../../architecture/
 - docs/api/error-handling.md -> ../../security/
 - docs/api/error-handling.md -> ../../testing/
 - docs/api/prompt-enhance.md -> ../../architecture/prompt-enhancer.md
 - docs/api/prompt-enhance.md -> ../../development/
 - docs/api/prompt-enhance.md -> ../../security/
 - docs/api/prompt-enhance.md -> ../../testing/
 - docs/api/rate-limiting-api.md -> ../../architecture/
 - docs/api/rate-limiting-api.md -> ../../security/
 - docs/api/rate-limiting-api.md -> ../../testing/
 - docs/_generated/README-template.md -> ./hauptdokument1.md
 - docs/_generated/README-template.md -> ./hauptdokument2.md
 - docs/_generated/README-template.md -> ./spezial1.md
 - docs/_generated/README-template.md -> ./tooling.md
 - docs/_generated/README-template.md -> ../anderekategorie/
